<?xml version="1.0" encoding="UTF-8"?>
<coverage generated="1787009836288" clover="3.2.0">
  <project timestamp="1787009836288" name="All files">
    <metrics statements="501" coveredstatements="377" conditionals="258" coveredconditionals="172" methods="78" coveredmethods="42" elements="837" coveredelements="591" complexity="0" loc="501" ncloc="501" packages="7" files="34" classes="34"/>
    <package name="src">
      <metrics statements="67" coveredstatements="9" conditionals="22" coveredconditionals="3" methods="6" coveredmethods="3"/>
      <file name="admin.module.ts" path="C:\Projetos\big_chat_brasil\backend\src\admin.module.ts">
        <metrics statements="7" coveredstatements="0" conditionals="0" coveredconditionals="0" methods="0" coveredmethods="0"/>
        <line num="1" count="0" type="stmt"/>
        <line num="2" count="0" type="stmt"/>
        <line num="3" count="0" type="stmt"/>
        <line num="4" count="0" type="stmt"/>
        <line num="5" count="0" type="stmt"/>
        <line num="6" count="0" type="stmt"/>
        <line num="14" count="0" type="stmt"/>
      </file>
      <file name="app.controller.ts" path="C:\Projetos\big_chat_brasil\backend\src\app.controller.ts">
        <metrics statements="6" coveredstatements="6" conditionals="4" coveredconditionals="3" methods="2" coveredmethods="2"/>
        <line num="1" count="1" type="stmt"/>
        <line num="2" count="1" type="stmt"/>
        <line num="5" count="1" type="stmt"/>
        <line num="6" count="1" type="cond" truecount="3" falsecount="1"/>
        <line num="9" count="1" type="stmt"/>
        <line num="10" count="1" type="stmt"/>
      </file>
      <file name="app.module.ts" path="C:\Projetos\big_chat_brasil\backend\src\app.module.ts">
        <metrics statements="18" coveredstatements="0" conditionals="16" coveredconditionals="0" methods="2" coveredmethods="0"/>
        <line num="1" count="0" type="stmt"/>
        <line num="2" count="0" type="stmt"/>
        <line num="3" count="0" type="stmt"/>
        <line num="4" count="0" type="stmt"/>
        <line num="5" count="0" type="stmt"/>
        <line num="6" count="0" type="stmt"/>
        <line num="7" count="0" type="stmt"/>
        <line num="8" count="0" type="stmt"/>
        <line num="9" count="0" type="stmt"/>
        <line num="10" count="0" type="stmt"/>
        <line num="11" count="0" type="stmt"/>
        <line num="12" count="0" type="stmt"/>
        <line num="13" count="0" type="stmt"/>
        <line num="14" count="0" type="stmt"/>
        <line num="42" count="0" type="stmt"/>
        <line num="43" count="0" type="cond" truecount="0" falsecount="4"/>
        <line num="46" count="0" type="cond" truecount="0" falsecount="2"/>
        <line num="47" count="0" type="stmt"/>
      </file>
      <file name="app.service.ts" path="C:\Projetos\big_chat_brasil\backend\src\app.service.ts">
        <metrics statements="3" coveredstatements="3" conditionals="0" coveredconditionals="0" methods="1" coveredmethods="1"/>
        <line num="1" count="1" type="stmt"/>
        <line num="4" count="1" type="stmt"/>
        <line num="6" count="1" type="stmt"/>
      </file>
      <file name="auth.module.ts" path="C:\Projetos\big_chat_brasil\backend\src\auth.module.ts">
        <metrics statements="4" coveredstatements="0" conditionals="0" coveredconditionals="0" methods="0" coveredmethods="0"/>
        <line num="1" count="0" type="stmt"/>
        <line num="2" count="0" type="stmt"/>
        <line num="3" count="0" type="stmt"/>
        <line num="10" count="0" type="stmt"/>
      </file>
      <file name="client.module.ts" path="C:\Projetos\big_chat_brasil\backend\src\client.module.ts">
        <metrics statements="6" coveredstatements="0" conditionals="0" coveredconditionals="0" methods="0" coveredmethods="0"/>
        <line num="1" count="0" type="stmt"/>
        <line num="2" count="0" type="stmt"/>
        <line num="3" count="0" type="stmt"/>
        <line num="4" count="0" type="stmt"/>
        <line num="5" count="0" type="stmt"/>
        <line num="13" count="0" type="stmt"/>
      </file>
      <file name="main.ts" path="C:\Projetos\big_chat_brasil\backend\src\main.ts">
        <metrics statements="11" coveredstatements="0" conditionals="2" coveredconditionals="0" methods="1" coveredmethods="0"/>
        <line num="1" count="0" type="stmt"/>
        <line num="2" count="0" type="stmt"/>
        <line num="3" count="0" type="stmt"/>
        <line num="4" count="0" type="stmt"/>
        <line num="7" count="0" type="stmt"/>
        <line num="10" count="0" type="stmt"/>
        <line num="17" count="0" type="stmt"/>
        <line num="24" count="0" type="stmt"/>
        <line num="25" count="0" type="stmt"/>
        <line num="27" count="0" type="cond" truecount="0" falsecount="2"/>
        <line num="29" count="0" type="stmt"/>
      </file>
      <file name="message.module.ts" path="C:\Projetos\big_chat_brasil\backend\src\message.module.ts">
        <metrics statements="12" coveredstatements="0" conditionals="0" coveredconditionals="0" methods="0" coveredmethods="0"/>
        <line num="1" count="0" type="stmt"/>
        <line num="2" count="0" type="stmt"/>
        <line num="3" count="0" type="stmt"/>
        <line num="4" count="0" type="stmt"/>
        <line num="5" count="0" type="stmt"/>
        <line num="6" count="0" type="stmt"/>
        <line num="7" count="0" type="stmt"/>
        <line num="8" count="0" type="stmt"/>
        <line num="9" count="0" type="stmt"/>
        <line num="10" count="0" type="stmt"/>
        <line num="11" count="0" type="stmt"/>
        <line num="28" count="0" type="stmt"/>
      </file>
    </package>
    <package name="src.application.services">
      <metrics statements="149" coveredstatements="113" conditionals="104" coveredconditionals="66" methods="20" coveredmethods="14"/>
      <file name="admin.service.ts" path="C:\Projetos\big_chat_brasil\backend\src\application\services\admin.service.ts">
        <metrics statements="48" coveredstatements="33" conditionals="30" coveredconditionals="16" methods="5" coveredmethods="3"/>
        <line num="1" count="2" type="stmt"/>
        <line num="2" count="2" type="stmt"/>
        <line num="3" count="2" type="stmt"/>
        <line num="4" count="2" type="stmt"/>
        <line num="5" count="2" type="stmt"/>
        <line num="9" count="2" type="stmt"/>
        <line num="12" count="3" type="cond" truecount="6" falsecount="2"/>
        <line num="14" count="3" type="cond" truecount="3" falsecount="1"/>
        <line num="15" count="3" type="stmt"/>
        <line num="19" count="2" type="stmt"/>
        <line num="20" count="2" type="cond" truecount="1" falsecount="1"/>
        <line num="21" count="2" type="cond" truecount="2" falsecount="0"/>
        <line num="22" count="1" type="stmt"/>
        <line num="25" count="1" type="stmt"/>
        <line num="26" count="1" type="stmt"/>
        <line num="27" count="1" type="stmt"/>
        <line num="29" count="1" type="stmt"/>
        <line num="30" count="1" type="stmt"/>
        <line num="31" count="1" type="stmt"/>
        <line num="32" count="1" type="stmt"/>
        <line num="34" count="1" type="stmt"/>
        <line num="43" count="1" type="stmt"/>
        <line num="44" count="1" type="stmt"/>
        <line num="45" count="1" type="stmt"/>
        <line num="47" count="1" type="stmt"/>
        <line num="49" count="0" type="stmt"/>
        <line num="50" count="0" type="stmt"/>
        <line num="52" count="1" type="stmt"/>
        <line num="57" count="1" type="stmt"/>
        <line num="58" count="1" type="cond" truecount="1" falsecount="1"/>
        <line num="59" count="1" type="cond" truecount="1" falsecount="1"/>
        <line num="60" count="0" type="stmt"/>
        <line num="63" count="1" type="stmt"/>
        <line num="64" count="1" type="stmt"/>
        <line num="66" count="1" type="stmt"/>
        <line num="68" count="1" type="stmt"/>
        <line num="72" count="0" type="stmt"/>
        <line num="73" count="0" type="cond" truecount="0" falsecount="2"/>
        <line num="75" count="0" type="cond" truecount="0" falsecount="2"/>
        <line num="76" count="0" type="stmt"/>
        <line num="79" count="0" type="stmt"/>
        <line num="80" count="0" type="cond" truecount="0" falsecount="2"/>
        <line num="81" count="0" type="cond" truecount="0" falsecount="2"/>
        <line num="82" count="0" type="stmt"/>
        <line num="84" count="0" type="stmt"/>
        <line num="87" count="0" type="stmt"/>
        <line num="88" count="0" type="stmt"/>
        <line num="92" count="0" type="stmt"/>
      </file>
      <file name="auth.service.ts" path="C:\Projetos\big_chat_brasil\backend\src\application\services\auth.service.ts">
        <metrics statements="5" coveredstatements="5" conditionals="4" coveredconditionals="4" methods="1" coveredmethods="1"/>
        <line num="1" count="2" type="stmt"/>
        <line num="5" count="2" type="stmt"/>
        <line num="8" count="2" type="cond" truecount="4" falsecount="0"/>
        <line num="9" count="1" type="stmt"/>
        <line num="17" count="1" type="stmt"/>
      </file>
      <file name="client.service.ts" path="C:\Projetos\big_chat_brasil\backend\src\application\services\client.service.ts">
        <metrics statements="18" coveredstatements="13" conditionals="8" coveredconditionals="6" methods="6" coveredmethods="4"/>
        <line num="1" count="2" type="stmt"/>
        <line num="2" count="2" type="stmt"/>
        <line num="3" count="2" type="stmt"/>
        <line num="4" count="2" type="stmt"/>
        <line num="9" count="2" type="stmt"/>
        <line num="12" count="4" type="cond" truecount="3" falsecount="1"/>
        <line num="16" count="1" type="stmt"/>
        <line num="20" count="3" type="stmt"/>
        <line num="21" count="3" type="cond" truecount="2" falsecount="0"/>
        <line num="22" count="1" type="stmt"/>
        <line num="24" count="2" type="stmt"/>
        <line num="28" count="0" type="stmt"/>
        <line num="29" count="0" type="stmt"/>
        <line num="33" count="0" type="stmt"/>
        <line num="34" count="0" type="stmt"/>
        <line num="35" count="0" type="stmt"/>
        <line num="39" count="1" type="stmt"/>
        <line num="40" count="1" type="stmt"/>
      </file>
      <file name="conversation.service.ts" path="C:\Projetos\big_chat_brasil\backend\src\application\services\conversation.service.ts">
        <metrics statements="22" coveredstatements="20" conditionals="18" coveredconditionals="14" methods="4" coveredmethods="4"/>
        <line num="1" count="4" type="stmt"/>
        <line num="2" count="4" type="stmt"/>
        <line num="3" count="4" type="stmt"/>
        <line num="4" count="4" type="stmt"/>
        <line num="5" count="4" type="stmt"/>
        <line num="8" count="4" type="stmt"/>
        <line num="11" count="6" type="cond" truecount="6" falsecount="2"/>
        <line num="13" count="6" type="stmt"/>
        <line num="17" count="3" type="stmt"/>
        <line num="21" count="3" type="cond" truecount="2" falsecount="0"/>
        <line num="22" count="1" type="stmt"/>
        <line num="23" count="1" type="cond" truecount="1" falsecount="1"/>
        <line num="25" count="0" type="stmt"/>
        <line num="31" count="0" type="stmt"/>
        <line num="32" count="2" type="cond" truecount="3" falsecount="1"/>
        <line num="33" count="2" type="stmt"/>
        <line num="34" count="2" type="stmt"/>
        <line num="37" count="2" type="stmt"/>
        <line num="41" count="1" type="stmt"/>
        <line num="48" count="2" type="stmt"/>
        <line num="52" count="2" type="cond" truecount="2" falsecount="0"/>
        <line num="53" count="1" type="stmt"/>
      </file>
      <file name="message.service.ts" path="C:\Projetos\big_chat_brasil\backend\src\application\services\message.service.ts">
        <metrics statements="56" coveredstatements="42" conditionals="44" coveredconditionals="26" methods="4" coveredmethods="2"/>
        <line num="1" count="2" type="stmt"/>
        <line num="7" count="2" type="stmt"/>
        <line num="8" count="2" type="stmt"/>
        <line num="9" count="2" type="stmt"/>
        <line num="10" count="2" type="stmt"/>
        <line num="11" count="2" type="stmt"/>
        <line num="12" count="2" type="stmt"/>
        <line num="16" count="2" type="stmt"/>
        <line num="19" count="2" type="stmt"/>
        <line num="22" count="3" type="cond" truecount="6" falsecount="2"/>
        <line num="24" count="3" type="cond" truecount="3" falsecount="1"/>
        <line num="26" count="3" type="cond" truecount="3" falsecount="1"/>
        <line num="27" count="3" type="cond" truecount="3" falsecount="1"/>
        <line num="28" count="3" type="cond" truecount="3" falsecount="1"/>
        <line num="30" count="3" type="stmt"/>
        <line num="34" count="3" type="stmt"/>
        <line num="35" count="3" type="stmt"/>
        <line num="36" count="3" type="stmt"/>
        <line num="38" count="3" type="stmt"/>
        <line num="39" count="3" type="stmt"/>
        <line num="44" count="3" type="cond" truecount="1" falsecount="1"/>
        <line num="45" count="0" type="stmt"/>
        <line num="48" count="3" type="cond" truecount="2" falsecount="0"/>
        <line num="50" count="3" type="cond" truecount="2" falsecount="0"/>
        <line num="51" count="2" type="cond" truecount="2" falsecount="0"/>
        <line num="52" count="1" type="stmt"/>
        <line num="54" count="1" type="stmt"/>
        <line num="56" count="1" type="cond" truecount="1" falsecount="1"/>
        <line num="57" count="1" type="stmt"/>
        <line num="59" count="0" type="stmt"/>
        <line num="62" count="0" type="stmt"/>
        <line num="66" count="1" type="stmt"/>
        <line num="68" count="1" type="stmt"/>
        <line num="74" count="1" type="stmt"/>
        <line num="81" count="1" type="stmt"/>
        <line num="83" count="1" type="stmt"/>
        <line num="88" count="1" type="stmt"/>
        <line num="90" count="1" type="stmt"/>
        <line num="91" count="1" type="stmt"/>
        <line num="92" count="1" type="stmt"/>
        <line num="94" count="1" type="stmt"/>
        <line num="95" count="1" type="stmt"/>
        <line num="97" count="2" type="stmt"/>
        <line num="98" count="2" type="stmt"/>
        <line num="100" count="3" type="stmt"/>
        <line num="105" count="0" type="cond" truecount="0" falsecount="2"/>
        <line num="106" count="0" type="stmt"/>
        <line num="108" count="0" type="cond" truecount="0" falsecount="4"/>
        <line num="109" count="0" type="stmt"/>
        <line num="111" count="0" type="cond" truecount="0" falsecount="2"/>
        <line num="112" count="0" type="stmt"/>
        <line num="114" count="0" type="cond" truecount="0" falsecount="2"/>
        <line num="115" count="0" type="stmt"/>
        <line num="118" count="0" type="stmt"/>
        <line num="125" count="0" type="stmt"/>
        <line num="134" count="0" type="stmt"/>
      </file>
    </package>
    <package name="src.domain.entities">
      <metrics statements="78" coveredstatements="69" conditionals="44" coveredconditionals="38" methods="17" coveredmethods="0"/>
      <file name="client.entity.ts" path="C:\Projetos\big_chat_brasil\backend\src\domain\entities\client.entity.ts">
        <metrics statements="18" coveredstatements="16" conditionals="4" coveredconditionals="3" methods="4" coveredmethods="0"/>
        <line num="1" count="16" type="stmt"/>
        <line num="8" count="16" type="stmt"/>
        <line num="9" count="16" type="stmt"/>
        <line num="15" count="16" type="stmt"/>
        <line num="20" count="16" type="stmt"/>
        <line num="26" count="16" type="stmt"/>
        <line num="32" count="16" type="stmt"/>
        <line num="38" count="16" type="stmt"/>
        <line num="44" count="16" type="stmt"/>
        <line num="50" count="16" type="stmt"/>
        <line num="56" count="16" type="stmt"/>
        <line num="62" count="16" type="stmt"/>
        <line num="68" count="16" type="stmt"/>
        <line num="73" count="0" type="stmt"/>
        <line num="74" count="16" type="stmt"/>
        <line num="79" count="0" type="stmt"/>
        <line num="80" count="16" type="stmt"/>
        <line num="83" count="16" type="cond" truecount="3" falsecount="1"/>
      </file>
      <file name="conversation.entity.ts" path="C:\Projetos\big_chat_brasil\backend\src\domain\entities\conversation.entity.ts">
        <metrics statements="16" coveredstatements="14" conditionals="12" coveredconditionals="10" methods="4" coveredmethods="0"/>
        <line num="1" count="16" type="stmt"/>
        <line num="10" count="16" type="stmt"/>
        <line num="11" count="16" type="stmt"/>
        <line num="17" count="16" type="stmt"/>
        <line num="22" count="16" type="stmt"/>
        <line num="28" count="16" type="stmt"/>
        <line num="33" count="0" type="stmt"/>
        <line num="37" count="16" type="cond" truecount="4" falsecount="0"/>
        <line num="43" count="16" type="stmt"/>
        <line num="49" count="16" type="stmt"/>
        <line num="55" count="16" type="stmt"/>
        <line num="61" count="16" type="cond" truecount="3" falsecount="1"/>
        <line num="67" count="16" type="stmt"/>
        <line num="72" count="0" type="stmt"/>
        <line num="73" count="16" type="stmt"/>
        <line num="76" count="16" type="cond" truecount="3" falsecount="1"/>
      </file>
      <file name="financial-transaction.entity.ts" path="C:\Projetos\big_chat_brasil\backend\src\domain\entities\financial-transaction.entity.ts">
        <metrics statements="13" coveredstatements="12" conditionals="8" coveredconditionals="7" methods="2" coveredmethods="0"/>
        <line num="1" count="16" type="stmt"/>
        <line num="9" count="16" type="stmt"/>
        <line num="15" count="16" type="stmt"/>
        <line num="20" count="16" type="stmt"/>
        <line num="26" count="16" type="stmt"/>
        <line num="31" count="0" type="stmt"/>
        <line num="35" count="16" type="cond" truecount="4" falsecount="0"/>
        <line num="50" count="16" type="stmt"/>
        <line num="61" count="16" type="stmt"/>
        <line num="67" count="16" type="stmt"/>
        <line num="73" count="16" type="stmt"/>
        <line num="79" count="16" type="stmt"/>
        <line num="85" count="16" type="cond" truecount="3" falsecount="1"/>
      </file>
      <file name="message-status-history.entity.ts" path="C:\Projetos\big_chat_brasil\backend\src\domain\entities\message-status-history.entity.ts">
        <metrics statements="10" coveredstatements="9" conditionals="8" coveredconditionals="7" methods="2" coveredmethods="0"/>
        <line num="1" count="16" type="stmt"/>
        <line num="9" count="16" type="stmt"/>
        <line num="15" count="16" type="stmt"/>
        <line num="20" count="16" type="stmt"/>
        <line num="26" count="16" type="stmt"/>
        <line num="31" count="0" type="stmt"/>
        <line num="35" count="16" type="cond" truecount="4" falsecount="0"/>
        <line num="44" count="16" type="stmt"/>
        <line num="50" count="16" type="cond" truecount="3" falsecount="1"/>
        <line num="56" count="16" type="stmt"/>
      </file>
      <file name="message.entity.ts" path="C:\Projetos\big_chat_brasil\backend\src\domain\entities\message.entity.ts">
        <metrics statements="21" coveredstatements="18" conditionals="12" coveredconditionals="11" methods="5" coveredmethods="0"/>
        <line num="1" count="16" type="stmt"/>
        <line num="10" count="16" type="stmt"/>
        <line num="11" count="16" type="stmt"/>
        <line num="12" count="16" type="stmt"/>
        <line num="18" count="16" type="stmt"/>
        <line num="23" count="16" type="stmt"/>
        <line num="29" count="16" type="stmt"/>
        <line num="34" count="0" type="stmt"/>
        <line num="38" count="16" type="cond" truecount="4" falsecount="0"/>
        <line num="44" count="16" type="stmt"/>
        <line num="49" count="0" type="stmt"/>
        <line num="51" count="16" type="cond" truecount="4" falsecount="0"/>
        <line num="57" count="16" type="stmt"/>
        <line num="63" count="16" type="stmt"/>
        <line num="69" count="16" type="stmt"/>
        <line num="75" count="16" type="cond" truecount="3" falsecount="1"/>
        <line num="81" count="16" type="stmt"/>
        <line num="91" count="16" type="stmt"/>
        <line num="97" count="16" type="stmt"/>
        <line num="102" count="0" type="stmt"/>
        <line num="103" count="16" type="stmt"/>
      </file>
    </package>
    <package name="src.infrastructure.database.seeders">
      <metrics statements="33" coveredstatements="33" conditionals="4" coveredconditionals="3" methods="2" coveredmethods="2"/>
      <file name="initial.seeder.ts" path="C:\Projetos\big_chat_brasil\backend\src\infrastructure\database\seeders\initial.seeder.ts">
        <metrics statements="33" coveredstatements="33" conditionals="4" coveredconditionals="3" methods="2" coveredmethods="2"/>
        <line num="1" count="1" type="stmt"/>
        <line num="2" count="1" type="stmt"/>
        <line num="3" count="1" type="stmt"/>
        <line num="4" count="1" type="stmt"/>
        <line num="5" count="1" type="stmt"/>
        <line num="6" count="1" type="stmt"/>
        <line num="7" count="1" type="stmt"/>
        <line num="10" count="1" type="stmt"/>
        <line num="11" count="3" type="cond" truecount="3" falsecount="1"/>
        <line num="14" count="2" type="stmt"/>
        <line num="15" count="2" type="stmt"/>
        <line num="16" count="2" type="stmt"/>
        <line num="18" count="2" type="stmt"/>
        <line num="20" count="2" type="stmt"/>
        <line num="30" count="2" type="stmt"/>
        <line num="33" count="1" type="stmt"/>
        <line num="43" count="1" type="stmt"/>
        <line num="46" count="1" type="stmt"/>
        <line num="54" count="1" type="stmt"/>
        <line num="57" count="1" type="stmt"/>
        <line num="67" count="1" type="stmt"/>
        <line num="70" count="1" type="stmt"/>
        <line num="75" count="1" type="stmt"/>
        <line num="79" count="1" type="stmt"/>
        <line num="87" count="1" type="stmt"/>
        <line num="90" count="1" type="stmt"/>
        <line num="98" count="1" type="stmt"/>
        <line num="100" count="1" type="stmt"/>
        <line num="101" count="1" type="stmt"/>
        <line num="103" count="1" type="stmt"/>
        <line num="104" count="1" type="stmt"/>
        <line num="105" count="1" type="stmt"/>
        <line num="107" count="2" type="stmt"/>
      </file>
    </package>
    <package name="src.infrastructure.queue">
      <metrics statements="53" coveredstatements="42" conditionals="28" coveredconditionals="20" methods="9" coveredmethods="9"/>
      <file name="message.consumer.ts" path="C:\Projetos\big_chat_brasil\backend\src\infrastructure\queue\message.consumer.ts">
        <metrics statements="38" coveredstatements="36" conditionals="20" coveredconditionals="15" methods="7" coveredmethods="7"/>
        <line num="1" count="1" type="stmt"/>
        <line num="2" count="1" type="stmt"/>
        <line num="3" count="1" type="stmt"/>
        <line num="4" count="1" type="stmt"/>
        <line num="5" count="1" type="stmt"/>
        <line num="6" count="1" type="stmt"/>
        <line num="9" count="1" type="stmt"/>
        <line num="10" count="4" type="stmt"/>
        <line num="11" count="4" type="stmt"/>
        <line num="15" count="4" type="cond" truecount="6" falsecount="2"/>
        <line num="17" count="4" type="cond" truecount="3" falsecount="1"/>
        <line num="18" count="4" type="stmt"/>
        <line num="22" count="1" type="cond" truecount="3" falsecount="1"/>
        <line num="23" count="1" type="stmt"/>
        <line num="29" count="1" type="stmt"/>
        <line num="30" count="1" type="stmt"/>
        <line num="36" count="1" type="cond" truecount="3" falsecount="1"/>
        <line num="37" count="1" type="stmt"/>
        <line num="42" count="1" type="stmt"/>
        <line num="43" count="1" type="stmt"/>
        <line num="47" count="3" type="stmt"/>
        <line num="50" count="3" type="stmt"/>
        <line num="53" count="3" type="stmt"/>
        <line num="56" count="3" type="stmt"/>
        <line num="59" count="3" type="stmt"/>
        <line num="62" count="3" type="stmt"/>
        <line num="66" count="9" type="stmt"/>
        <line num="67" count="9" type="stmt"/>
        <line num="68" count="9" type="stmt"/>
        <line num="70" count="9" type="stmt"/>
        <line num="71" count="9" type="stmt"/>
        <line num="73" count="9" type="stmt"/>
        <line num="78" count="9" type="stmt"/>
        <line num="80" count="9" type="stmt"/>
        <line num="81" count="9" type="stmt"/>
        <line num="83" count="0" type="stmt"/>
        <line num="84" count="0" type="stmt"/>
        <line num="86" count="9" type="stmt"/>
      </file>
      <file name="queue.module.ts" path="C:\Projetos\big_chat_brasil\backend\src\infrastructure\queue\queue.module.ts">
        <metrics statements="9" coveredstatements="0" conditionals="2" coveredconditionals="0" methods="0" coveredmethods="0"/>
        <line num="1" count="0" type="stmt"/>
        <line num="2" count="0" type="stmt"/>
        <line num="3" count="0" type="stmt"/>
        <line num="4" count="0" type="stmt"/>
        <line num="6" count="0" type="stmt"/>
        <line num="7" count="0" type="stmt"/>
        <line num="8" count="0" type="stmt"/>
        <line num="9" count="0" type="stmt"/>
        <line num="35" count="0" type="stmt"/>
      </file>
      <file name="queue.service.ts" path="C:\Projetos\big_chat_brasil\backend\src\infrastructure\queue\queue.service.ts">
        <metrics statements="6" coveredstatements="6" conditionals="6" coveredconditionals="5" methods="2" coveredmethods="2"/>
        <line num="1" count="3" type="stmt"/>
        <line num="2" count="3" type="stmt"/>
        <line num="5" count="3" type="stmt"/>
        <line num="7" count="2" type="cond" truecount="3" falsecount="1"/>
        <line num="12" count="2" type="cond" truecount="2" falsecount="0"/>
        <line num="13" count="2" type="stmt"/>
      </file>
    </package>
    <package name="src.presentation.controllers">
      <metrics statements="74" coveredstatements="64" conditionals="56" coveredconditionals="42" methods="24" coveredmethods="14"/>
      <file name="admin.controller.ts" path="C:\Projetos\big_chat_brasil\backend\src\presentation\controllers\admin.controller.ts">
        <metrics statements="14" coveredstatements="14" conditionals="16" coveredconditionals="12" methods="5" coveredmethods="5"/>
        <line num="1" count="1" type="stmt"/>
        <line num="2" count="1" type="stmt"/>
        <line num="3" count="1" type="stmt"/>
        <line num="4" count="1" type="stmt"/>
        <line num="8" count="1" type="stmt"/>
        <line num="9" count="4" type="cond" truecount="3" falsecount="1"/>
        <line num="13" count="1" type="cond" truecount="3" falsecount="1"/>
        <line num="14" count="1" type="stmt"/>
        <line num="19" count="1" type="cond" truecount="3" falsecount="1"/>
        <line num="20" count="1" type="stmt"/>
        <line num="25" count="1" type="cond" truecount="3" falsecount="1"/>
        <line num="26" count="1" type="stmt"/>
        <line num="31" count="1" type="stmt"/>
        <line num="32" count="1" type="stmt"/>
      </file>
      <file name="auth.controller.ts" path="C:\Projetos\big_chat_brasil\backend\src\presentation\controllers\auth.controller.ts">
        <metrics statements="8" coveredstatements="8" conditionals="8" coveredconditionals="6" methods="2" coveredmethods="2"/>
        <line num="1" count="1" type="stmt"/>
        <line num="2" count="1" type="stmt"/>
        <line num="3" count="1" type="stmt"/>
        <line num="4" count="1" type="stmt"/>
        <line num="8" count="1" type="stmt"/>
        <line num="9" count="1" type="cond" truecount="3" falsecount="1"/>
        <line num="16" count="1" type="cond" truecount="3" falsecount="1"/>
        <line num="17" count="1" type="stmt"/>
      </file>
      <file name="client.controller.ts" path="C:\Projetos\big_chat_brasil\backend\src\presentation\controllers\client.controller.ts">
        <metrics statements="17" coveredstatements="12" conditionals="12" coveredconditionals="9" methods="6" coveredmethods="1"/>
        <line num="1" count="1" type="stmt"/>
        <line num="2" count="1" type="stmt"/>
        <line num="3" count="1" type="stmt"/>
        <line num="4" count="1" type="stmt"/>
        <line num="5" count="1" type="stmt"/>
        <line num="9" count="1" type="stmt"/>
        <line num="10" count="1" type="cond" truecount="3" falsecount="1"/>
        <line num="14" count="1" type="stmt"/>
        <line num="15" count="0" type="stmt"/>
        <line num="20" count="1" type="cond" truecount="3" falsecount="1"/>
        <line num="21" count="0" type="stmt"/>
        <line num="26" count="1" type="stmt"/>
        <line num="27" count="0" type="stmt"/>
        <line num="32" count="1" type="cond" truecount="3" falsecount="1"/>
        <line num="33" count="0" type="stmt"/>
        <line num="38" count="1" type="stmt"/>
        <line num="39" count="0" type="stmt"/>
      </file>
      <file name="conversation.controller.ts" path="C:\Projetos\big_chat_brasil\backend\src\presentation\controllers\conversation.controller.ts">
        <metrics statements="11" coveredstatements="8" conditionals="4" coveredconditionals="3" methods="4" coveredmethods="1"/>
        <line num="1" count="1" type="stmt"/>
        <line num="2" count="1" type="stmt"/>
        <line num="3" count="1" type="stmt"/>
        <line num="7" count="1" type="stmt"/>
        <line num="8" count="1" type="cond" truecount="3" falsecount="1"/>
        <line num="12" count="1" type="stmt"/>
        <line num="15" count="0" type="stmt"/>
        <line num="24" count="1" type="stmt"/>
        <line num="25" count="0" type="stmt"/>
        <line num="30" count="1" type="stmt"/>
        <line num="31" count="0" type="stmt"/>
      </file>
      <file name="message.controller.ts" path="C:\Projetos\big_chat_brasil\backend\src\presentation\controllers\message.controller.ts">
        <metrics statements="13" coveredstatements="11" conditionals="12" coveredconditionals="9" methods="4" coveredmethods="2"/>
        <line num="1" count="1" type="stmt"/>
        <line num="2" count="1" type="stmt"/>
        <line num="3" count="1" type="stmt"/>
        <line num="4" count="1" type="stmt"/>
        <line num="5" count="1" type="stmt"/>
        <line num="9" count="1" type="stmt"/>
        <line num="10" count="1" type="cond" truecount="3" falsecount="1"/>
        <line num="14" count="1" type="cond" truecount="3" falsecount="1"/>
        <line num="15" count="1" type="stmt"/>
        <line num="20" count="1" type="cond" truecount="3" falsecount="1"/>
        <line num="21" count="0" type="stmt"/>
        <line num="26" count="1" type="stmt"/>
        <line num="27" count="0" type="stmt"/>
      </file>
      <file name="queue.controller.ts" path="C:\Projetos\big_chat_brasil\backend\src\presentation\controllers\queue.controller.ts">
        <metrics statements="11" coveredstatements="11" conditionals="4" coveredconditionals="3" methods="3" coveredmethods="3"/>
        <line num="1" count="1" type="stmt"/>
        <line num="2" count="1" type="stmt"/>
        <line num="3" count="1" type="stmt"/>
        <line num="4" count="1" type="stmt"/>
        <line num="5" count="1" type="stmt"/>
        <line num="9" count="1" type="stmt"/>
        <line num="12" count="2" type="cond" truecount="3" falsecount="1"/>
        <line num="17" count="1" type="stmt"/>
        <line num="18" count="1" type="stmt"/>
        <line num="27" count="1" type="stmt"/>
        <line num="29" count="2" type="stmt"/>
      </file>
    </package>
    <package name="src.presentation.dtos">
      <metrics statements="47" coveredstatements="47" conditionals="0" coveredconditionals="0" methods="0" coveredmethods="0"/>
      <file name="admin.dto.ts" path="C:\Projetos\big_chat_brasil\backend\src\presentation\dtos\admin.dto.ts">
        <metrics statements="10" coveredstatements="10" conditionals="0" coveredconditionals="0" methods="0" coveredmethods="0"/>
        <line num="1" count="1" type="stmt"/>
        <line num="9" count="1" type="stmt"/>
        <line num="11" count="1" type="stmt"/>
        <line num="16" count="1" type="stmt"/>
        <line num="21" count="1" type="stmt"/>
        <line num="24" count="1" type="stmt"/>
        <line num="29" count="1" type="stmt"/>
        <line num="32" count="1" type="stmt"/>
        <line num="36" count="1" type="stmt"/>
        <line num="42" count="1" type="stmt"/>
      </file>
      <file name="auth.dto.ts" path="C:\Projetos\big_chat_brasil\backend\src\presentation\dtos\auth.dto.ts">
        <metrics statements="5" coveredstatements="5" conditionals="0" coveredconditionals="0" methods="0" coveredmethods="0"/>
        <line num="1" count="1" type="stmt"/>
        <line num="2" count="1" type="stmt"/>
        <line num="4" count="1" type="stmt"/>
        <line num="8" count="1" type="stmt"/>
        <line num="14" count="1" type="stmt"/>
      </file>
      <file name="create-client.dto.ts" path="C:\Projetos\big_chat_brasil\backend\src\presentation\dtos\create-client.dto.ts">
        <metrics statements="9" coveredstatements="9" conditionals="0" coveredconditionals="0" methods="0" coveredmethods="0"/>
        <line num="1" count="1" type="stmt"/>
        <line num="2" count="1" type="stmt"/>
        <line num="4" count="1" type="stmt"/>
        <line num="8" count="1" type="stmt"/>
        <line num="14" count="1" type="stmt"/>
        <line num="19" count="1" type="stmt"/>
        <line num="24" count="1" type="stmt"/>
        <line num="30" count="1" type="stmt"/>
        <line num="36" count="1" type="stmt"/>
      </file>
      <file name="report-filter.dto.ts" path="C:\Projetos\big_chat_brasil\backend\src\presentation\dtos\report-filter.dto.ts">
        <metrics statements="9" coveredstatements="9" conditionals="0" coveredconditionals="0" methods="0" coveredmethods="0"/>
        <line num="1" count="1" type="stmt"/>
        <line num="2" count="1" type="stmt"/>
        <line num="4" count="1" type="stmt"/>
        <line num="8" count="1" type="stmt"/>
        <line num="13" count="1" type="stmt"/>
        <line num="18" count="1" type="stmt"/>
        <line num="23" count="1" type="stmt"/>
        <line num="27" count="1" type="stmt"/>
        <line num="31" count="1" type="stmt"/>
      </file>
      <file name="send-message.dto.ts" path="C:\Projetos\big_chat_brasil\backend\src\presentation\dtos\send-message.dto.ts">
        <metrics statements="9" coveredstatements="9" conditionals="0" coveredconditionals="0" methods="0" coveredmethods="0"/>
        <line num="1" count="1" type="stmt"/>
        <line num="2" count="1" type="stmt"/>
        <line num="4" count="1" type="stmt"/>
        <line num="8" count="1" type="stmt"/>
        <line num="13" count="1" type="stmt"/>
        <line num="18" count="1" type="stmt"/>
        <line num="23" count="1" type="stmt"/>
        <line num="28" count="1" type="stmt"/>
        <line num="33" count="1" type="stmt"/>
      </file>
      <file name="update-client.dto.ts" path="C:\Projetos\big_chat_brasil\backend\src\presentation\dtos\update-client.dto.ts">
        <metrics statements="5" coveredstatements="5" conditionals="0" coveredconditionals="0" methods="0" coveredmethods="0"/>
        <line num="1" count="1" type="stmt"/>
        <line num="2" count="1" type="stmt"/>
        <line num="3" count="1" type="stmt"/>
        <line num="5" count="1" type="stmt"/>
        <line num="9" count="1" type="stmt"/>
      </file>
    </package>
  </project>
</coverage>
