{"C:\\Projetos\\big_chat_brasil\\backend\\src\\admin.module.ts": {"path":"C:\\Projetos\\big_chat_brasil\\backend\\src\\admin.module.ts","statementMap":{"0":{"start":{"line":1,"column":0},"end":{"line":1,"column":40}},"1":{"start":{"line":2,"column":0},"end":{"line":2,"column":48}},"2":{"start":{"line":3,"column":0},"end":{"line":3,"column":68}},"3":{"start":{"line":4,"column":0},"end":{"line":4,"column":78}},"4":{"start":{"line":5,"column":0},"end":{"line":5,"column":63}},"5":{"start":{"line":6,"column":0},"end":{"line":6,"column":92}},"6":{"start":{"line":14,"column":7},"end":{"line":14,"column":null}},"7":{"start":{"line":14,"column":13},"end":{"line":14,"column":24}},"8":{"start":{"line":14,"column":13},"end":{"line":14,"column":null}}},"fnMap":{},"branchMap":{},"s":{"0":0,"1":0,"2":0,"3":0,"4":0,"5":0,"6":0,"7":0,"8":0},"f":{},"b":{}}
,"C:\\Projetos\\big_chat_brasil\\backend\\src\\app.controller.ts": {"path":"C:\\Projetos\\big_chat_brasil\\backend\\src\\app.controller.ts","statementMap":{"0":{"start":{"line":1,"column":0},"end":{"line":1,"column":49}},"1":{"start":{"line":2,"column":0},"end":{"line":2,"column":43}},"2":{"start":{"line":5,"column":7},"end":{"line":12,"column":null}},"3":{"start":{"line":6,"column":31},"end":{"line":6,"column":43}},"4":{"start":{"line":10,"column":4},"end":{"line":10,"column":38}},"5":{"start":{"line":5,"column":13},"end":{"line":5,"column":26}},"6":{"start":{"line":9,"column":2},"end":{"line":11,"column":null}},"7":{"start":{"line":5,"column":13},"end":{"line":12,"column":null}}},"fnMap":{"0":{"name":"(anonymous_2)","decl":{"start":{"line":6,"column":2},"end":{"line":6,"column":31}},"loc":{"start":{"line":6,"column":53},"end":{"line":6,"column":57}}},"1":{"name":"(anonymous_3)","decl":{"start":{"line":9,"column":2},"end":{"line":9,"column":10}},"loc":{"start":{"line":9,"column":10},"end":{"line":11,"column":3}}}},"branchMap":{"0":{"loc":{"start":{"line":6,"column":43},"end":{"line":6,"column":56}},"type":"cond-expr","locations":[{"start":{"line":6,"column":53},"end":{"line":6,"column":56}},{"start":{"line":6,"column":53},"end":{"line":6,"column":56}}]},"1":{"loc":{"start":{"line":6,"column":43},"end":{"line":6,"column":53}},"type":"binary-expr","locations":[{"start":{"line":6,"column":43},"end":{"line":6,"column":56}},{"start":{"line":6,"column":43},"end":{"line":6,"column":53}}]}},"s":{"0":1,"1":1,"2":1,"3":1,"4":1,"5":1,"6":1,"7":1},"f":{"0":1,"1":1},"b":{"0":[1,0],"1":[1,1]}}
,"C:\\Projetos\\big_chat_brasil\\backend\\src\\app.module.ts": {"path":"C:\\Projetos\\big_chat_brasil\\backend\\src\\app.module.ts","statementMap":{"0":{"start":{"line":1,"column":0},"end":{"line":1,"column":54}},"1":{"start":{"line":2,"column":0},"end":{"line":2,"column":48}},"2":{"start":{"line":3,"column":0},"end":{"line":3,"column":49}},"3":{"start":{"line":4,"column":0},"end":{"line":4,"column":43}},"4":{"start":{"line":5,"column":0},"end":{"line":5,"column":63}},"5":{"start":{"line":6,"column":0},"end":{"line":6,"column":75}},"6":{"start":{"line":7,"column":0},"end":{"line":7,"column":65}},"7":{"start":{"line":8,"column":0},"end":{"line":8,"column":93}},"8":{"start":{"line":9,"column":0},"end":{"line":9,"column":92}},"9":{"start":{"line":10,"column":0},"end":{"line":10,"column":81}},"10":{"start":{"line":11,"column":0},"end":{"line":11,"column":49}},"11":{"start":{"line":12,"column":0},"end":{"line":12,"column":43}},"12":{"start":{"line":13,"column":0},"end":{"line":13,"column":47}},"13":{"start":{"line":14,"column":0},"end":{"line":14,"column":45}},"14":{"start":{"line":42,"column":7},"end":{"line":50,"column":null}},"15":{"start":{"line":43,"column":31},"end":{"line":43,"column":46}},"16":{"start":{"line":46,"column":4},"end":{"line":48,"column":5}},"17":{"start":{"line":47,"column":6},"end":{"line":47,"column":38}},"18":{"start":{"line":42,"column":13},"end":{"line":42,"column":22}},"19":{"start":{"line":42,"column":13},"end":{"line":50,"column":null}}},"fnMap":{"0":{"name":"(anonymous_2)","decl":{"start":{"line":43,"column":2},"end":{"line":43,"column":31}},"loc":{"start":{"line":43,"column":59},"end":{"line":43,"column":63}}},"1":{"name":"(anonymous_3)","decl":{"start":{"line":45,"column":2},"end":{"line":45,"column":7}},"loc":{"start":{"line":45,"column":20},"end":{"line":49,"column":3}}}},"branchMap":{"0":{"loc":{"start":{"line":46,"column":4},"end":{"line":48,"column":5}},"type":"if","locations":[{"start":{"line":46,"column":4},"end":{"line":48,"column":5}},{"start":{},"end":{}}]},"1":{"loc":{"start":{"line":20,"column":12},"end":{"line":20,"column":46}},"type":"binary-expr","locations":[{"start":{"line":20,"column":12},"end":{"line":20,"column":31}},{"start":{"line":20,"column":35},"end":{"line":20,"column":46}}]},"2":{"loc":{"start":{"line":21,"column":21},"end":{"line":21,"column":50}},"type":"binary-expr","locations":[{"start":{"line":21,"column":21},"end":{"line":21,"column":40}},{"start":{"line":21,"column":44},"end":{"line":21,"column":50}}]},"3":{"loc":{"start":{"line":22,"column":16},"end":{"line":22,"column":53}},"type":"binary-expr","locations":[{"start":{"line":22,"column":16},"end":{"line":22,"column":39}},{"start":{"line":22,"column":43},"end":{"line":22,"column":53}}]},"4":{"loc":{"start":{"line":23,"column":16},"end":{"line":23,"column":53}},"type":"binary-expr","locations":[{"start":{"line":23,"column":16},"end":{"line":23,"column":39}},{"start":{"line":23,"column":43},"end":{"line":23,"column":53}}]},"5":{"loc":{"start":{"line":24,"column":16},"end":{"line":24,"column":56}},"type":"binary-expr","locations":[{"start":{"line":24,"column":16},"end":{"line":24,"column":35}},{"start":{"line":24,"column":39},"end":{"line":24,"column":56}}]},"6":{"loc":{"start":{"line":43,"column":46},"end":{"line":43,"column":62}},"type":"cond-expr","locations":[{"start":{"line":43,"column":59},"end":{"line":43,"column":62}},{"start":{"line":43,"column":59},"end":{"line":43,"column":62}}]},"7":{"loc":{"start":{"line":43,"column":46},"end":{"line":43,"column":59}},"type":"binary-expr","locations":[{"start":{"line":43,"column":46},"end":{"line":43,"column":62}},{"start":{"line":43,"column":46},"end":{"line":43,"column":59}}]}},"s":{"0":0,"1":0,"2":0,"3":0,"4":0,"5":0,"6":0,"7":0,"8":0,"9":0,"10":0,"11":0,"12":0,"13":0,"14":0,"15":0,"16":0,"17":0,"18":0,"19":0},"f":{"0":0,"1":0},"b":{"0":[0,0],"1":[0,0],"2":[0,0],"3":[0,0],"4":[0,0],"5":[0,0],"6":[0,0],"7":[0,0]}}
,"C:\\Projetos\\big_chat_brasil\\backend\\src\\app.service.ts": {"path":"C:\\Projetos\\big_chat_brasil\\backend\\src\\app.service.ts","statementMap":{"0":{"start":{"line":1,"column":0},"end":{"line":1,"column":44}},"1":{"start":{"line":4,"column":7},"end":{"line":8,"column":null}},"2":{"start":{"line":6,"column":4},"end":{"line":6,"column":26}},"3":{"start":{"line":4,"column":13},"end":{"line":4,"column":23}},"4":{"start":{"line":4,"column":13},"end":{"line":8,"column":null}}},"fnMap":{"0":{"name":"(anonymous_1)","decl":{"start":{"line":5,"column":2},"end":{"line":5,"column":10}},"loc":{"start":{"line":5,"column":10},"end":{"line":7,"column":3}}}},"branchMap":{},"s":{"0":1,"1":1,"2":1,"3":1,"4":1},"f":{"0":1},"b":{}}
,"C:\\Projetos\\big_chat_brasil\\backend\\src\\auth.module.ts": {"path":"C:\\Projetos\\big_chat_brasil\\backend\\src\\auth.module.ts","statementMap":{"0":{"start":{"line":1,"column":0},"end":{"line":1,"column":40}},"1":{"start":{"line":2,"column":0},"end":{"line":2,"column":67}},"2":{"start":{"line":3,"column":0},"end":{"line":3,"column":77}},"3":{"start":{"line":10,"column":7},"end":{"line":10,"column":null}},"4":{"start":{"line":10,"column":13},"end":{"line":10,"column":23}},"5":{"start":{"line":10,"column":13},"end":{"line":10,"column":null}}},"fnMap":{},"branchMap":{},"s":{"0":0,"1":0,"2":0,"3":0,"4":0,"5":0},"f":{},"b":{}}
,"C:\\Projetos\\big_chat_brasil\\backend\\src\\client.module.ts": {"path":"C:\\Projetos\\big_chat_brasil\\backend\\src\\client.module.ts","statementMap":{"0":{"start":{"line":1,"column":0},"end":{"line":1,"column":40}},"1":{"start":{"line":2,"column":0},"end":{"line":2,"column":48}},"2":{"start":{"line":3,"column":0},"end":{"line":3,"column":63}},"3":{"start":{"line":4,"column":0},"end":{"line":4,"column":70}},"4":{"start":{"line":5,"column":0},"end":{"line":5,"column":80}},"5":{"start":{"line":13,"column":7},"end":{"line":13,"column":null}},"6":{"start":{"line":13,"column":13},"end":{"line":13,"column":25}},"7":{"start":{"line":13,"column":13},"end":{"line":13,"column":null}}},"fnMap":{},"branchMap":{},"s":{"0":0,"1":0,"2":0,"3":0,"4":0,"5":0,"6":0,"7":0},"f":{},"b":{}}
,"C:\\Projetos\\big_chat_brasil\\backend\\src\\main.ts": {"path":"C:\\Projetos\\big_chat_brasil\\backend\\src\\main.ts","statementMap":{"0":{"start":{"line":1,"column":0},"end":{"line":1,"column":43}},"1":{"start":{"line":2,"column":0},"end":{"line":2,"column":48}},"2":{"start":{"line":3,"column":0},"end":{"line":3,"column":65}},"3":{"start":{"line":4,"column":0},"end":{"line":4,"column":41}},"4":{"start":{"line":7,"column":14},"end":{"line":7,"column":49}},"5":{"start":{"line":10,"column":2},"end":{"line":14,"column":6}},"6":{"start":{"line":17,"column":17},"end":{"line":22,"column":12}},"7":{"start":{"line":24,"column":19},"end":{"line":24,"column":60}},"8":{"start":{"line":25,"column":2},"end":{"line":25,"column":49}},"9":{"start":{"line":27,"column":2},"end":{"line":27,"column":45}},"10":{"start":{"line":29,"column":0},"end":{"line":29,"column":12}}},"fnMap":{"0":{"name":"bootstrap","decl":{"start":{"line":6,"column":15},"end":{"line":6,"column":24}},"loc":{"start":{"line":6,"column":24},"end":{"line":28,"column":1}}}},"branchMap":{"0":{"loc":{"start":{"line":27,"column":19},"end":{"line":27,"column":43}},"type":"binary-expr","locations":[{"start":{"line":27,"column":19},"end":{"line":27,"column":35}},{"start":{"line":27,"column":39},"end":{"line":27,"column":43}}]}},"s":{"0":0,"1":0,"2":0,"3":0,"4":0,"5":0,"6":0,"7":0,"8":0,"9":0,"10":0},"f":{"0":0},"b":{"0":[0,0]}}
,"C:\\Projetos\\big_chat_brasil\\backend\\src\\message.module.ts": {"path":"C:\\Projetos\\big_chat_brasil\\backend\\src\\message.module.ts","statementMap":{"0":{"start":{"line":1,"column":0},"end":{"line":1,"column":40}},"1":{"start":{"line":2,"column":0},"end":{"line":2,"column":48}},"2":{"start":{"line":3,"column":0},"end":{"line":3,"column":65}},"3":{"start":{"line":4,"column":0},"end":{"line":4,"column":63}},"4":{"start":{"line":5,"column":0},"end":{"line":5,"column":75}},"5":{"start":{"line":6,"column":0},"end":{"line":6,"column":93}},"6":{"start":{"line":7,"column":0},"end":{"line":7,"column":72}},"7":{"start":{"line":8,"column":0},"end":{"line":8,"column":82}},"8":{"start":{"line":9,"column":0},"end":{"line":9,"column":82}},"9":{"start":{"line":10,"column":0},"end":{"line":10,"column":92}},"10":{"start":{"line":11,"column":0},"end":{"line":11,"column":66}},"11":{"start":{"line":28,"column":7},"end":{"line":28,"column":null}},"12":{"start":{"line":28,"column":13},"end":{"line":28,"column":26}},"13":{"start":{"line":28,"column":13},"end":{"line":28,"column":null}}},"fnMap":{},"branchMap":{},"s":{"0":0,"1":0,"2":0,"3":0,"4":0,"5":0,"6":0,"7":0,"8":0,"9":0,"10":0,"11":0,"12":0,"13":0},"f":{},"b":{}}
,"C:\\Projetos\\big_chat_brasil\\backend\\src\\application\\services\\admin.service.ts": {"path":"C:\\Projetos\\big_chat_brasil\\backend\\src\\application\\services\\admin.service.ts","statementMap":{"0":{"start":{"line":1,"column":0},"end":{"line":1,"column":84}},"1":{"start":{"line":2,"column":0},"end":{"line":2,"column":51}},"2":{"start":{"line":3,"column":0},"end":{"line":3,"column":49}},"3":{"start":{"line":4,"column":0},"end":{"line":4,"column":67}},"4":{"start":{"line":5,"column":0},"end":{"line":5,"column":96}},"5":{"start":{"line":9,"column":7},"end":{"line":97,"column":null}},"6":{"start":{"line":12,"column":21},"end":{"line":12,"column":39}},"7":{"start":{"line":14,"column":21},"end":{"line":14,"column":44}},"8":{"start":{"line":15,"column":21},"end":{"line":15,"column":33}},"9":{"start":{"line":19,"column":19},"end":{"line":19,"column":83}},"10":{"start":{"line":20,"column":4},"end":{"line":20,"column":71}},"11":{"start":{"line":20,"column":17},"end":{"line":20,"column":71}},"12":{"start":{"line":21,"column":4},"end":{"line":23,"column":5}},"13":{"start":{"line":22,"column":6},"end":{"line":22,"column":88}},"14":{"start":{"line":25,"column":24},"end":{"line":25,"column":59}},"15":{"start":{"line":26,"column":4},"end":{"line":26,"column":32}},"16":{"start":{"line":27,"column":4},"end":{"line":27,"column":41}},"17":{"start":{"line":29,"column":4},"end":{"line":53,"column":5}},"18":{"start":{"line":30,"column":30},"end":{"line":30,"column":52}},"19":{"start":{"line":31,"column":21},"end":{"line":31,"column":49}},"20":{"start":{"line":32,"column":6},"end":{"line":32,"column":48}},"21":{"start":{"line":34,"column":26},"end":{"line":41,"column":8}},"22":{"start":{"line":43,"column":6},"end":{"line":43,"column":45}},"23":{"start":{"line":44,"column":6},"end":{"line":44,"column":50}},"24":{"start":{"line":45,"column":6},"end":{"line":45,"column":44}},"25":{"start":{"line":47,"column":6},"end":{"line":47,"column":59}},"26":{"start":{"line":49,"column":6},"end":{"line":49,"column":46}},"27":{"start":{"line":50,"column":6},"end":{"line":50,"column":16}},"28":{"start":{"line":52,"column":6},"end":{"line":52,"column":34}},"29":{"start":{"line":57,"column":19},"end":{"line":57,"column":83}},"30":{"start":{"line":58,"column":4},"end":{"line":58,"column":71}},"31":{"start":{"line":58,"column":17},"end":{"line":58,"column":71}},"32":{"start":{"line":59,"column":4},"end":{"line":61,"column":5}},"33":{"start":{"line":60,"column":6},"end":{"line":60,"column":91}},"34":{"start":{"line":63,"column":26},"end":{"line":63,"column":38}},"35":{"start":{"line":64,"column":4},"end":{"line":64,"column":43}},"36":{"start":{"line":66,"column":4},"end":{"line":66,"column":45}},"37":{"start":{"line":68,"column":4},"end":{"line":68,"column":68}},"38":{"start":{"line":72,"column":19},"end":{"line":72,"column":83}},"39":{"start":{"line":73,"column":4},"end":{"line":73,"column":71}},"40":{"start":{"line":73,"column":17},"end":{"line":73,"column":71}},"41":{"start":{"line":75,"column":4},"end":{"line":77,"column":5}},"42":{"start":{"line":76,"column":6},"end":{"line":76,"column":78}},"43":{"start":{"line":79,"column":4},"end":{"line":79,"column":49}},"44":{"start":{"line":80,"column":4},"end":{"line":85,"column":5}},"45":{"start":{"line":81,"column":6},"end":{"line":81,"column":54}},"46":{"start":{"line":82,"column":6},"end":{"line":82,"column":26}},"47":{"start":{"line":84,"column":6},"end":{"line":84,"column":25}},"48":{"start":{"line":87,"column":4},"end":{"line":87,"column":45}},"49":{"start":{"line":88,"column":4},"end":{"line":88,"column":18}},"50":{"start":{"line":92,"column":4},"end":{"line":95,"column":7}},"51":{"start":{"line":9,"column":13},"end":{"line":9,"column":25}},"52":{"start":{"line":9,"column":13},"end":{"line":97,"column":null}}},"fnMap":{"0":{"name":"(anonymous_4)","decl":{"start":{"line":10,"column":2},"end":{"line":10,"column":null}},"loc":{"start":{"line":15,"column":43},"end":{"line":16,"column":6}}},"1":{"name":"(anonymous_5)","decl":{"start":{"line":18,"column":2},"end":{"line":18,"column":7}},"loc":{"start":{"line":18,"column":65},"end":{"line":54,"column":3}}},"2":{"name":"(anonymous_6)","decl":{"start":{"line":56,"column":2},"end":{"line":56,"column":7}},"loc":{"start":{"line":56,"column":68},"end":{"line":69,"column":3}}},"3":{"name":"(anonymous_7)","decl":{"start":{"line":71,"column":2},"end":{"line":71,"column":7}},"loc":{"start":{"line":71,"column":68},"end":{"line":89,"column":3}}},"4":{"name":"(anonymous_8)","decl":{"start":{"line":91,"column":2},"end":{"line":91,"column":7}},"loc":{"start":{"line":91,"column":40},"end":{"line":96,"column":3}}}},"branchMap":{"0":{"loc":{"start":{"line":20,"column":4},"end":{"line":20,"column":71}},"type":"if","locations":[{"start":{"line":20,"column":4},"end":{"line":20,"column":71}},{"start":{},"end":{}}]},"1":{"loc":{"start":{"line":21,"column":4},"end":{"line":23,"column":5}},"type":"if","locations":[{"start":{"line":21,"column":4},"end":{"line":23,"column":5}},{"start":{},"end":{}}]},"2":{"loc":{"start":{"line":40,"column":21},"end":{"line":40,"column":80}},"type":"binary-expr","locations":[{"start":{"line":40,"column":21},"end":{"line":40,"column":46}},{"start":{"line":40,"column":50},"end":{"line":40,"column":80}}]},"3":{"loc":{"start":{"line":58,"column":4},"end":{"line":58,"column":71}},"type":"if","locations":[{"start":{"line":58,"column":4},"end":{"line":58,"column":71}},{"start":{},"end":{}}]},"4":{"loc":{"start":{"line":59,"column":4},"end":{"line":61,"column":5}},"type":"if","locations":[{"start":{"line":59,"column":4},"end":{"line":61,"column":5}},{"start":{},"end":{}}]},"5":{"loc":{"start":{"line":73,"column":4},"end":{"line":73,"column":71}},"type":"if","locations":[{"start":{"line":73,"column":4},"end":{"line":73,"column":71}},{"start":{},"end":{}}]},"6":{"loc":{"start":{"line":75,"column":4},"end":{"line":77,"column":5}},"type":"if","locations":[{"start":{"line":75,"column":4},"end":{"line":77,"column":5}},{"start":{},"end":{}}]},"7":{"loc":{"start":{"line":80,"column":4},"end":{"line":85,"column":5}},"type":"if","locations":[{"start":{"line":80,"column":4},"end":{"line":85,"column":5}},{"start":{"line":83,"column":11},"end":{"line":85,"column":5}}]},"8":{"loc":{"start":{"line":81,"column":21},"end":{"line":81,"column":53}},"type":"binary-expr","locations":[{"start":{"line":81,"column":21},"end":{"line":81,"column":48}},{"start":{"line":81,"column":52},"end":{"line":81,"column":53}}]},"9":{"loc":{"start":{"line":12,"column":39},"end":{"line":12,"column":63}},"type":"cond-expr","locations":[{"start":{"line":12,"column":49},"end":{"line":12,"column":63}},{"start":{"line":12,"column":49},"end":{"line":12,"column":63}}]},"10":{"loc":{"start":{"line":12,"column":39},"end":{"line":12,"column":49}},"type":"binary-expr","locations":[{"start":{"line":12,"column":39},"end":{"line":12,"column":63}},{"start":{"line":12,"column":39},"end":{"line":12,"column":49}}]},"11":{"loc":{"start":{"line":12,"column":49},"end":{"line":14,"column":82}},"type":"cond-expr","locations":[{"start":{"line":14,"column":54},"end":{"line":14,"column":82}},{"start":{"line":14,"column":54},"end":{"line":14,"column":82}}]},"12":{"loc":{"start":{"line":12,"column":49},"end":{"line":14,"column":54}},"type":"binary-expr","locations":[{"start":{"line":12,"column":49},"end":{"line":14,"column":82}},{"start":{"line":14,"column":44},"end":{"line":14,"column":54}}]},"13":{"loc":{"start":{"line":14,"column":54},"end":{"line":15,"column":null}},"type":"cond-expr","locations":[{"start":{"line":15,"column":43},"end":{"line":15,"column":null}},{"start":{"line":15,"column":43},"end":{"line":15,"column":null}}]},"14":{"loc":{"start":{"line":14,"column":54},"end":{"line":15,"column":43}},"type":"binary-expr","locations":[{"start":{"line":14,"column":54},"end":{"line":15,"column":null}},{"start":{"line":15,"column":33},"end":{"line":15,"column":43}}]}},"s":{"0":2,"1":2,"2":2,"3":2,"4":2,"5":2,"6":3,"7":3,"8":3,"9":2,"10":2,"11":0,"12":2,"13":1,"14":1,"15":1,"16":1,"17":1,"18":1,"19":1,"20":1,"21":1,"22":1,"23":1,"24":1,"25":1,"26":0,"27":0,"28":1,"29":1,"30":1,"31":0,"32":1,"33":0,"34":1,"35":1,"36":1,"37":1,"38":0,"39":0,"40":0,"41":0,"42":0,"43":0,"44":0,"45":0,"46":0,"47":0,"48":0,"49":0,"50":0,"51":2,"52":2},"f":{"0":3,"1":2,"2":1,"3":0,"4":0},"b":{"0":[0,2],"1":[1,1],"2":[1,1],"3":[0,1],"4":[0,1],"5":[0,0],"6":[0,0],"7":[0,0],"8":[0,0],"9":[2,0],"10":[2,2],"11":[2,0],"12":[2,2],"13":[2,0],"14":[2,2]}}
,"C:\\Projetos\\big_chat_brasil\\backend\\src\\application\\services\\auth.service.ts": {"path":"C:\\Projetos\\big_chat_brasil\\backend\\src\\application\\services\\auth.service.ts","statementMap":{"0":{"start":{"line":1,"column":0},"end":{"line":1,"column":67}},"1":{"start":{"line":5,"column":7},"end":{"line":19,"column":null}},"2":{"start":{"line":8,"column":4},"end":{"line":16,"column":5}},"3":{"start":{"line":9,"column":6},"end":{"line":15,"column":8}},"4":{"start":{"line":17,"column":4},"end":{"line":17,"column":61}},"5":{"start":{"line":5,"column":13},"end":{"line":5,"column":24}},"6":{"start":{"line":5,"column":13},"end":{"line":19,"column":null}}},"fnMap":{"0":{"name":"(anonymous_1)","decl":{"start":{"line":6,"column":2},"end":{"line":6,"column":7}},"loc":{"start":{"line":6,"column":30},"end":{"line":18,"column":3}}}},"branchMap":{"0":{"loc":{"start":{"line":8,"column":4},"end":{"line":16,"column":5}},"type":"if","locations":[{"start":{"line":8,"column":4},"end":{"line":16,"column":5}},{"start":{},"end":{}}]},"1":{"loc":{"start":{"line":8,"column":8},"end":{"line":8,"column":89}},"type":"binary-expr","locations":[{"start":{"line":8,"column":8},"end":{"line":8,"column":54}},{"start":{"line":8,"column":58},"end":{"line":8,"column":89}}]}},"s":{"0":2,"1":2,"2":2,"3":1,"4":1,"5":2,"6":2},"f":{"0":2},"b":{"0":[1,1],"1":[2,1]}}
,"C:\\Projetos\\big_chat_brasil\\backend\\src\\application\\services\\client.service.ts": {"path":"C:\\Projetos\\big_chat_brasil\\backend\\src\\application\\services\\client.service.ts","statementMap":{"0":{"start":{"line":1,"column":0},"end":{"line":1,"column":63}},"1":{"start":{"line":2,"column":0},"end":{"line":2,"column":51}},"2":{"start":{"line":3,"column":0},"end":{"line":3,"column":37}},"3":{"start":{"line":4,"column":0},"end":{"line":4,"column":67}},"4":{"start":{"line":9,"column":7},"end":{"line":49,"column":null}},"5":{"start":{"line":12,"column":21},"end":{"line":12,"column":39}},"6":{"start":{"line":16,"column":4},"end":{"line":16,"column":40}},"7":{"start":{"line":20,"column":19},"end":{"line":20,"column":73}},"8":{"start":{"line":21,"column":4},"end":{"line":23,"column":5}},"9":{"start":{"line":22,"column":6},"end":{"line":22,"column":73}},"10":{"start":{"line":24,"column":4},"end":{"line":24,"column":18}},"11":{"start":{"line":28,"column":19},"end":{"line":28,"column":64}},"12":{"start":{"line":29,"column":4},"end":{"line":29,"column":46}},"13":{"start":{"line":33,"column":19},"end":{"line":33,"column":41}},"14":{"start":{"line":34,"column":4},"end":{"line":34,"column":43}},"15":{"start":{"line":35,"column":4},"end":{"line":35,"column":46}},"16":{"start":{"line":39,"column":19},"end":{"line":39,"column":41}},"17":{"start":{"line":40,"column":4},"end":{"line":47,"column":6}},"18":{"start":{"line":9,"column":13},"end":{"line":9,"column":26}},"19":{"start":{"line":9,"column":13},"end":{"line":49,"column":null}}},"fnMap":{"0":{"name":"(anonymous_4)","decl":{"start":{"line":10,"column":2},"end":{"line":10,"column":null}},"loc":{"start":{"line":12,"column":63},"end":{"line":13,"column":6}}},"1":{"name":"(anonymous_5)","decl":{"start":{"line":15,"column":2},"end":{"line":15,"column":7}},"loc":{"start":{"line":15,"column":15},"end":{"line":17,"column":3}}},"2":{"name":"(anonymous_6)","decl":{"start":{"line":19,"column":2},"end":{"line":19,"column":7}},"loc":{"start":{"line":19,"column":26},"end":{"line":25,"column":3}}},"3":{"name":"(anonymous_7)","decl":{"start":{"line":27,"column":2},"end":{"line":27,"column":7}},"loc":{"start":{"line":27,"column":47},"end":{"line":30,"column":3}}},"4":{"name":"(anonymous_8)","decl":{"start":{"line":32,"column":2},"end":{"line":32,"column":7}},"loc":{"start":{"line":32,"column":59},"end":{"line":36,"column":3}}},"5":{"name":"(anonymous_9)","decl":{"start":{"line":38,"column":2},"end":{"line":38,"column":7}},"loc":{"start":{"line":38,"column":29},"end":{"line":48,"column":3}}}},"branchMap":{"0":{"loc":{"start":{"line":21,"column":4},"end":{"line":23,"column":5}},"type":"if","locations":[{"start":{"line":21,"column":4},"end":{"line":23,"column":5}},{"start":{},"end":{}}]},"1":{"loc":{"start":{"line":46,"column":17},"end":{"line":46,"column":96}},"type":"cond-expr","locations":[{"start":{"line":46,"column":49},"end":{"line":46,"column":63}},{"start":{"line":46,"column":66},"end":{"line":46,"column":96}}]},"2":{"loc":{"start":{"line":12,"column":39},"end":{"line":12,"column":63}},"type":"cond-expr","locations":[{"start":{"line":12,"column":49},"end":{"line":12,"column":63}},{"start":{"line":12,"column":49},"end":{"line":12,"column":63}}]},"3":{"loc":{"start":{"line":12,"column":39},"end":{"line":12,"column":49}},"type":"binary-expr","locations":[{"start":{"line":12,"column":39},"end":{"line":12,"column":63}},{"start":{"line":12,"column":39},"end":{"line":12,"column":49}}]}},"s":{"0":2,"1":2,"2":2,"3":2,"4":2,"5":4,"6":1,"7":3,"8":3,"9":1,"10":2,"11":0,"12":0,"13":0,"14":0,"15":0,"16":1,"17":1,"18":2,"19":2},"f":{"0":4,"1":1,"2":3,"3":0,"4":0,"5":1},"b":{"0":[1,2],"1":[1,0],"2":[2,0],"3":[2,2]}}
,"C:\\Projetos\\big_chat_brasil\\backend\\src\\application\\services\\conversation.service.ts": {"path":"C:\\Projetos\\big_chat_brasil\\backend\\src\\application\\services\\conversation.service.ts","statementMap":{"0":{"start":{"line":1,"column":0},"end":{"line":1,"column":63}},"1":{"start":{"line":2,"column":0},"end":{"line":2,"column":51}},"2":{"start":{"line":3,"column":0},"end":{"line":3,"column":37}},"3":{"start":{"line":4,"column":0},"end":{"line":4,"column":79}},"4":{"start":{"line":5,"column":0},"end":{"line":5,"column":67}},"5":{"start":{"line":8,"column":7},"end":{"line":55,"column":null}},"6":{"start":{"line":11,"column":21},"end":{"line":11,"column":39}},"7":{"start":{"line":13,"column":21},"end":{"line":13,"column":33}},"8":{"start":{"line":17,"column":23},"end":{"line":19,"column":6}},"9":{"start":{"line":21,"column":4},"end":{"line":35,"column":5}},"10":{"start":{"line":22,"column":21},"end":{"line":22,"column":79}},"11":{"start":{"line":23,"column":6},"end":{"line":23,"column":67}},"12":{"start":{"line":23,"column":19},"end":{"line":23,"column":67}},"13":{"start":{"line":25,"column":6},"end":{"line":30,"column":9}},"14":{"start":{"line":31,"column":6},"end":{"line":31,"column":53}},"15":{"start":{"line":32,"column":11},"end":{"line":35,"column":5}},"16":{"start":{"line":33,"column":6},"end":{"line":33,"column":49}},"17":{"start":{"line":34,"column":6},"end":{"line":34,"column":53}},"18":{"start":{"line":37,"column":4},"end":{"line":37,"column":24}},"19":{"start":{"line":41,"column":4},"end":{"line":44,"column":7}},"20":{"start":{"line":48,"column":25},"end":{"line":51,"column":6}},"21":{"start":{"line":52,"column":4},"end":{"line":52,"column":77}},"22":{"start":{"line":52,"column":23},"end":{"line":52,"column":77}},"23":{"start":{"line":53,"column":4},"end":{"line":53,"column":24}},"24":{"start":{"line":8,"column":13},"end":{"line":8,"column":32}},"25":{"start":{"line":8,"column":13},"end":{"line":55,"column":null}}},"fnMap":{"0":{"name":"(anonymous_4)","decl":{"start":{"line":9,"column":2},"end":{"line":9,"column":null}},"loc":{"start":{"line":13,"column":57},"end":{"line":14,"column":6}}},"1":{"name":"(anonymous_5)","decl":{"start":{"line":16,"column":2},"end":{"line":16,"column":7}},"loc":{"start":{"line":16,"column":85},"end":{"line":38,"column":3}}},"2":{"name":"(anonymous_6)","decl":{"start":{"line":40,"column":2},"end":{"line":40,"column":7}},"loc":{"start":{"line":40,"column":37},"end":{"line":45,"column":3}}},"3":{"name":"(anonymous_7)","decl":{"start":{"line":47,"column":2},"end":{"line":47,"column":7}},"loc":{"start":{"line":47,"column":27},"end":{"line":54,"column":3}}}},"branchMap":{"0":{"loc":{"start":{"line":21,"column":4},"end":{"line":35,"column":5}},"type":"if","locations":[{"start":{"line":21,"column":4},"end":{"line":35,"column":5}},{"start":{"line":32,"column":11},"end":{"line":35,"column":5}}]},"1":{"loc":{"start":{"line":23,"column":6},"end":{"line":23,"column":67}},"type":"if","locations":[{"start":{"line":23,"column":6},"end":{"line":23,"column":67}},{"start":{},"end":{}}]},"2":{"loc":{"start":{"line":32,"column":11},"end":{"line":35,"column":5}},"type":"if","locations":[{"start":{"line":32,"column":11},"end":{"line":35,"column":5}},{"start":{},"end":{}}]},"3":{"loc":{"start":{"line":32,"column":15},"end":{"line":32,"column":76}},"type":"binary-expr","locations":[{"start":{"line":32,"column":15},"end":{"line":32,"column":28}},{"start":{"line":32,"column":32},"end":{"line":32,"column":76}}]},"4":{"loc":{"start":{"line":52,"column":4},"end":{"line":52,"column":77}},"type":"if","locations":[{"start":{"line":52,"column":4},"end":{"line":52,"column":77}},{"start":{},"end":{}}]},"5":{"loc":{"start":{"line":11,"column":39},"end":{"line":11,"column":69}},"type":"cond-expr","locations":[{"start":{"line":11,"column":49},"end":{"line":11,"column":69}},{"start":{"line":11,"column":49},"end":{"line":11,"column":69}}]},"6":{"loc":{"start":{"line":11,"column":39},"end":{"line":11,"column":49}},"type":"binary-expr","locations":[{"start":{"line":11,"column":39},"end":{"line":11,"column":69}},{"start":{"line":11,"column":39},"end":{"line":11,"column":49}}]},"7":{"loc":{"start":{"line":11,"column":49},"end":{"line":13,"column":57}},"type":"cond-expr","locations":[{"start":{"line":13,"column":43},"end":{"line":13,"column":57}},{"start":{"line":13,"column":43},"end":{"line":13,"column":57}}]},"8":{"loc":{"start":{"line":11,"column":49},"end":{"line":13,"column":43}},"type":"binary-expr","locations":[{"start":{"line":11,"column":49},"end":{"line":13,"column":57}},{"start":{"line":13,"column":33},"end":{"line":13,"column":43}}]}},"s":{"0":4,"1":4,"2":4,"3":4,"4":4,"5":4,"6":6,"7":6,"8":3,"9":3,"10":1,"11":1,"12":1,"13":0,"14":0,"15":2,"16":2,"17":2,"18":2,"19":1,"20":2,"21":2,"22":1,"23":1,"24":4,"25":4},"f":{"0":6,"1":3,"2":1,"3":2},"b":{"0":[1,2],"1":[1,0],"2":[2,0],"3":[2,2],"4":[1,1],"5":[4,0],"6":[4,4],"7":[4,0],"8":[4,4]}}
,"C:\\Projetos\\big_chat_brasil\\backend\\src\\application\\services\\message.service.ts": {"path":"C:\\Projetos\\big_chat_brasil\\backend\\src\\application\\services\\message.service.ts","statementMap":{"0":{"start":{"line":1,"column":0},"end":{"line":1,"column":null}},"1":{"start":{"line":7,"column":0},"end":{"line":7,"column":51}},"2":{"start":{"line":8,"column":0},"end":{"line":8,"column":58}},"3":{"start":{"line":9,"column":0},"end":{"line":9,"column":69}},"4":{"start":{"line":10,"column":0},"end":{"line":10,"column":67}},"5":{"start":{"line":11,"column":0},"end":{"line":11,"column":61}},"6":{"start":{"line":12,"column":0},"end":{"line":12,"column":72}},"7":{"start":{"line":16,"column":0},"end":{"line":16,"column":97}},"8":{"start":{"line":19,"column":7},"end":{"line":139,"column":null}},"9":{"start":{"line":22,"column":21},"end":{"line":22,"column":34}},"10":{"start":{"line":24,"column":21},"end":{"line":24,"column":33}},"11":{"start":{"line":26,"column":21},"end":{"line":26,"column":40}},"12":{"start":{"line":27,"column":21},"end":{"line":27,"column":42}},"13":{"start":{"line":28,"column":21},"end":{"line":28,"column":35}},"14":{"start":{"line":30,"column":21},"end":{"line":30,"column":33}},"15":{"start":{"line":34,"column":24},"end":{"line":34,"column":59}},"16":{"start":{"line":35,"column":4},"end":{"line":35,"column":32}},"17":{"start":{"line":36,"column":4},"end":{"line":36,"column":41}},"18":{"start":{"line":38,"column":4},"end":{"line":101,"column":5}},"19":{"start":{"line":39,"column":21},"end":{"line":42,"column":8}},"20":{"start":{"line":44,"column":6},"end":{"line":46,"column":7}},"21":{"start":{"line":45,"column":8},"end":{"line":45,"column":56}},"22":{"start":{"line":48,"column":19},"end":{"line":48,"column":58}},"23":{"start":{"line":50,"column":6},"end":{"line":64,"column":7}},"24":{"start":{"line":51,"column":8},"end":{"line":53,"column":9}},"25":{"start":{"line":52,"column":10},"end":{"line":52,"column":87}},"26":{"start":{"line":54,"column":8},"end":{"line":54,"column":55}},"27":{"start":{"line":56,"column":8},"end":{"line":58,"column":9}},"28":{"start":{"line":57,"column":10},"end":{"line":57,"column":89}},"29":{"start":{"line":59,"column":8},"end":{"line":59,"column":57}},"30":{"start":{"line":62,"column":6},"end":{"line":62,"column":59}},"31":{"start":{"line":66,"column":6},"end":{"line":66,"column":45}},"32":{"start":{"line":68,"column":27},"end":{"line":71,"column":null}},"33":{"start":{"line":74,"column":22},"end":{"line":79,"column":8}},"34":{"start":{"line":81,"column":27},"end":{"line":81,"column":66}},"35":{"start":{"line":83,"column":22},"end":{"line":87,"column":8}},"36":{"start":{"line":88,"column":6},"end":{"line":88,"column":46}},"37":{"start":{"line":90,"column":6},"end":{"line":90,"column":52}},"38":{"start":{"line":91,"column":6},"end":{"line":91,"column":48}},"39":{"start":{"line":92,"column":6},"end":{"line":92,"column":51}},"40":{"start":{"line":94,"column":6},"end":{"line":94,"column":44}},"41":{"start":{"line":95,"column":6},"end":{"line":95,"column":26}},"42":{"start":{"line":97,"column":6},"end":{"line":97,"column":46}},"43":{"start":{"line":98,"column":6},"end":{"line":98,"column":16}},"44":{"start":{"line":100,"column":6},"end":{"line":100,"column":34}},"45":{"start":{"line":105,"column":75},"end":{"line":105,"column":81}},"46":{"start":{"line":106,"column":23},"end":{"line":106,"column":25}},"47":{"start":{"line":108,"column":4},"end":{"line":110,"column":5}},"48":{"start":{"line":109,"column":6},"end":{"line":109,"column":72}},"49":{"start":{"line":111,"column":4},"end":{"line":113,"column":5}},"50":{"start":{"line":112,"column":6},"end":{"line":112,"column":28}},"51":{"start":{"line":114,"column":4},"end":{"line":116,"column":5}},"52":{"start":{"line":115,"column":6},"end":{"line":115,"column":32}},"53":{"start":{"line":118,"column":27},"end":{"line":123,"column":6}},"54":{"start":{"line":125,"column":4},"end":{"line":130,"column":6}},"55":{"start":{"line":134,"column":4},"end":{"line":137,"column":7}},"56":{"start":{"line":19,"column":13},"end":{"line":19,"column":27}},"57":{"start":{"line":19,"column":13},"end":{"line":139,"column":null}}},"fnMap":{"0":{"name":"(anonymous_4)","decl":{"start":{"line":20,"column":2},"end":{"line":20,"column":null}},"loc":{"start":{"line":30,"column":43},"end":{"line":31,"column":6}}},"1":{"name":"(anonymous_5)","decl":{"start":{"line":33,"column":2},"end":{"line":33,"column":7}},"loc":{"start":{"line":33,"column":39},"end":{"line":102,"column":3}}},"2":{"name":"(anonymous_6)","decl":{"start":{"line":104,"column":2},"end":{"line":104,"column":7}},"loc":{"start":{"line":104,"column":41},"end":{"line":131,"column":3}}},"3":{"name":"(anonymous_7)","decl":{"start":{"line":133,"column":2},"end":{"line":133,"column":7}},"loc":{"start":{"line":133,"column":36},"end":{"line":138,"column":3}}}},"branchMap":{"0":{"loc":{"start":{"line":44,"column":6},"end":{"line":46,"column":7}},"type":"if","locations":[{"start":{"line":44,"column":6},"end":{"line":46,"column":7}},{"start":{},"end":{}}]},"1":{"loc":{"start":{"line":48,"column":19},"end":{"line":48,"column":58}},"type":"cond-expr","locations":[{"start":{"line":48,"column":48},"end":{"line":48,"column":52}},{"start":{"line":48,"column":55},"end":{"line":48,"column":58}}]},"2":{"loc":{"start":{"line":50,"column":6},"end":{"line":64,"column":7}},"type":"if","locations":[{"start":{"line":50,"column":6},"end":{"line":64,"column":7}},{"start":{"line":55,"column":13},"end":{"line":64,"column":7}}]},"3":{"loc":{"start":{"line":51,"column":8},"end":{"line":53,"column":9}},"type":"if","locations":[{"start":{"line":51,"column":8},"end":{"line":53,"column":9}},{"start":{},"end":{}}]},"4":{"loc":{"start":{"line":56,"column":8},"end":{"line":58,"column":9}},"type":"if","locations":[{"start":{"line":56,"column":8},"end":{"line":58,"column":9}},{"start":{},"end":{}}]},"5":{"loc":{"start":{"line":105,"column":50},"end":{"line":105,"column":58}},"type":"default-arg","locations":[{"start":{"line":105,"column":57},"end":{"line":105,"column":58}}]},"6":{"loc":{"start":{"line":105,"column":60},"end":{"line":105,"column":70}},"type":"default-arg","locations":[{"start":{"line":105,"column":68},"end":{"line":105,"column":70}}]},"7":{"loc":{"start":{"line":108,"column":4},"end":{"line":110,"column":5}},"type":"if","locations":[{"start":{"line":108,"column":4},"end":{"line":110,"column":5}},{"start":{},"end":{}}]},"8":{"loc":{"start":{"line":108,"column":8},"end":{"line":108,"column":28}},"type":"binary-expr","locations":[{"start":{"line":108,"column":8},"end":{"line":108,"column":17}},{"start":{"line":108,"column":21},"end":{"line":108,"column":28}}]},"9":{"loc":{"start":{"line":111,"column":4},"end":{"line":113,"column":5}},"type":"if","locations":[{"start":{"line":111,"column":4},"end":{"line":113,"column":5}},{"start":{},"end":{}}]},"10":{"loc":{"start":{"line":114,"column":4},"end":{"line":116,"column":5}},"type":"if","locations":[{"start":{"line":114,"column":4},"end":{"line":116,"column":5}},{"start":{},"end":{}}]},"11":{"loc":{"start":{"line":22,"column":34},"end":{"line":22,"column":59}},"type":"cond-expr","locations":[{"start":{"line":22,"column":44},"end":{"line":22,"column":59}},{"start":{"line":22,"column":44},"end":{"line":22,"column":59}}]},"12":{"loc":{"start":{"line":22,"column":34},"end":{"line":22,"column":44}},"type":"binary-expr","locations":[{"start":{"line":22,"column":34},"end":{"line":22,"column":59}},{"start":{"line":22,"column":34},"end":{"line":22,"column":44}}]},"13":{"loc":{"start":{"line":22,"column":44},"end":{"line":24,"column":57}},"type":"cond-expr","locations":[{"start":{"line":24,"column":43},"end":{"line":24,"column":57}},{"start":{"line":24,"column":43},"end":{"line":24,"column":57}}]},"14":{"loc":{"start":{"line":22,"column":44},"end":{"line":24,"column":43}},"type":"binary-expr","locations":[{"start":{"line":22,"column":44},"end":{"line":24,"column":57}},{"start":{"line":24,"column":33},"end":{"line":24,"column":43}}]},"15":{"loc":{"start":{"line":24,"column":43},"end":{"line":26,"column":78}},"type":"cond-expr","locations":[{"start":{"line":26,"column":50},"end":{"line":26,"column":78}},{"start":{"line":26,"column":50},"end":{"line":26,"column":78}}]},"16":{"loc":{"start":{"line":24,"column":43},"end":{"line":26,"column":50}},"type":"binary-expr","locations":[{"start":{"line":24,"column":43},"end":{"line":26,"column":78}},{"start":{"line":26,"column":40},"end":{"line":26,"column":50}}]},"17":{"loc":{"start":{"line":26,"column":50},"end":{"line":27,"column":null}},"type":"cond-expr","locations":[{"start":{"line":27,"column":61},"end":{"line":27,"column":null}},{"start":{"line":27,"column":61},"end":{"line":27,"column":null}}]},"18":{"loc":{"start":{"line":26,"column":50},"end":{"line":27,"column":61}},"type":"binary-expr","locations":[{"start":{"line":26,"column":50},"end":{"line":27,"column":null}},{"start":{"line":27,"column":42},"end":{"line":27,"column":61}}]},"19":{"loc":{"start":{"line":27,"column":61},"end":{"line":28,"column":null}},"type":"cond-expr","locations":[{"start":{"line":28,"column":47},"end":{"line":28,"column":null}},{"start":{"line":28,"column":47},"end":{"line":28,"column":null}}]},"20":{"loc":{"start":{"line":27,"column":61},"end":{"line":28,"column":47}},"type":"binary-expr","locations":[{"start":{"line":27,"column":61},"end":{"line":28,"column":null}},{"start":{"line":28,"column":35},"end":{"line":28,"column":47}}]},"21":{"loc":{"start":{"line":28,"column":47},"end":{"line":30,"column":null}},"type":"cond-expr","locations":[{"start":{"line":30,"column":43},"end":{"line":30,"column":null}},{"start":{"line":30,"column":43},"end":{"line":30,"column":null}}]},"22":{"loc":{"start":{"line":28,"column":47},"end":{"line":30,"column":43}},"type":"binary-expr","locations":[{"start":{"line":28,"column":47},"end":{"line":30,"column":null}},{"start":{"line":30,"column":33},"end":{"line":30,"column":43}}]}},"s":{"0":2,"1":2,"2":2,"3":2,"4":2,"5":2,"6":2,"7":2,"8":2,"9":3,"10":3,"11":3,"12":3,"13":3,"14":3,"15":3,"16":3,"17":3,"18":3,"19":3,"20":3,"21":0,"22":3,"23":3,"24":2,"25":1,"26":1,"27":1,"28":1,"29":0,"30":0,"31":1,"32":1,"33":1,"34":1,"35":1,"36":1,"37":1,"38":1,"39":1,"40":1,"41":1,"42":2,"43":2,"44":3,"45":0,"46":0,"47":0,"48":0,"49":0,"50":0,"51":0,"52":0,"53":0,"54":0,"55":0,"56":2,"57":2},"f":{"0":3,"1":3,"2":0,"3":0},"b":{"0":[0,3],"1":[1,2],"2":[2,1],"3":[1,1],"4":[1,0],"5":[0],"6":[0],"7":[0,0],"8":[0,0],"9":[0,0],"10":[0,0],"11":[2,0],"12":[2,2],"13":[2,0],"14":[2,2],"15":[2,0],"16":[2,2],"17":[2,0],"18":[2,2],"19":[2,0],"20":[2,2],"21":[2,0],"22":[2,2]}}
,"C:\\Projetos\\big_chat_brasil\\backend\\src\\domain\\entities\\client.entity.ts": {"path":"C:\\Projetos\\big_chat_brasil\\backend\\src\\domain\\entities\\client.entity.ts","statementMap":{"0":{"start":{"line":1,"column":0},"end":{"line":1,"column":null}},"1":{"start":{"line":8,"column":0},"end":{"line":8,"column":59}},"2":{"start":{"line":9,"column":0},"end":{"line":9,"column":76}},"3":{"start":{"line":15,"column":7},"end":{"line":84,"column":null}},"4":{"start":{"line":15,"column":13},"end":{"line":15,"column":25}},"5":{"start":{"line":20,"column":2},"end":{"line":20,"column":null}},"6":{"start":{"line":26,"column":2},"end":{"line":26,"column":null}},"7":{"start":{"line":32,"column":2},"end":{"line":32,"column":null}},"8":{"start":{"line":38,"column":2},"end":{"line":38,"column":null}},"9":{"start":{"line":44,"column":2},"end":{"line":44,"column":null}},"10":{"start":{"line":50,"column":2},"end":{"line":50,"column":null}},"11":{"start":{"line":56,"column":2},"end":{"line":56,"column":null}},"12":{"start":{"line":62,"column":2},"end":{"line":62,"column":null}},"13":{"start":{"line":68,"column":2},"end":{"line":68,"column":null}},"14":{"start":{"line":74,"column":2},"end":{"line":74,"column":null}},"15":{"start":{"line":73,"column":19},"end":{"line":73,"column":37}},"16":{"start":{"line":73,"column":57},"end":{"line":73,"column":76}},"17":{"start":{"line":80,"column":2},"end":{"line":80,"column":null}},"18":{"start":{"line":79,"column":19},"end":{"line":79,"column":45}},"19":{"start":{"line":79,"column":64},"end":{"line":79,"column":82}},"20":{"start":{"line":83,"column":2},"end":{"line":83,"column":null}},"21":{"start":{"line":15,"column":13},"end":{"line":84,"column":null}}},"fnMap":{"0":{"name":"(anonymous_2)","decl":{"start":{"line":73,"column":13},"end":{"line":73,"column":16}},"loc":{"start":{"line":73,"column":19},"end":{"line":73,"column":37}}},"1":{"name":"(anonymous_3)","decl":{"start":{"line":73,"column":39},"end":{"line":73,"column":40}},"loc":{"start":{"line":73,"column":57},"end":{"line":73,"column":76}}},"2":{"name":"(anonymous_4)","decl":{"start":{"line":79,"column":13},"end":{"line":79,"column":16}},"loc":{"start":{"line":79,"column":19},"end":{"line":79,"column":45}}},"3":{"name":"(anonymous_5)","decl":{"start":{"line":79,"column":47},"end":{"line":79,"column":48}},"loc":{"start":{"line":79,"column":64},"end":{"line":79,"column":82}}}},"branchMap":{"0":{"loc":{"start":{"line":83,"column":13},"end":{"line":83,"column":18}},"type":"cond-expr","locations":[{"start":{"line":83,"column":17},"end":{"line":83,"column":18}},{"start":{"line":83,"column":17},"end":{"line":83,"column":18}}]},"1":{"loc":{"start":{"line":83,"column":13},"end":{"line":83,"column":17}},"type":"binary-expr","locations":[{"start":{"line":83,"column":13},"end":{"line":83,"column":18}},{"start":{"line":83,"column":13},"end":{"line":83,"column":17}}]}},"s":{"0":16,"1":16,"2":16,"3":16,"4":16,"5":16,"6":16,"7":16,"8":16,"9":16,"10":16,"11":16,"12":16,"13":16,"14":16,"15":0,"16":0,"17":16,"18":0,"19":0,"20":16,"21":16},"f":{"0":0,"1":0,"2":0,"3":0},"b":{"0":[16,0],"1":[16,16]}}
,"C:\\Projetos\\big_chat_brasil\\backend\\src\\domain\\entities\\conversation.entity.ts": {"path":"C:\\Projetos\\big_chat_brasil\\backend\\src\\domain\\entities\\conversation.entity.ts","statementMap":{"0":{"start":{"line":1,"column":0},"end":{"line":1,"column":null}},"1":{"start":{"line":10,"column":0},"end":{"line":10,"column":47}},"2":{"start":{"line":11,"column":0},"end":{"line":11,"column":49}},"3":{"start":{"line":17,"column":7},"end":{"line":77,"column":null}},"4":{"start":{"line":17,"column":13},"end":{"line":17,"column":31}},"5":{"start":{"line":22,"column":2},"end":{"line":22,"column":null}},"6":{"start":{"line":28,"column":2},"end":{"line":28,"column":null}},"7":{"start":{"line":37,"column":2},"end":{"line":37,"column":null}},"8":{"start":{"line":33,"column":19},"end":{"line":33,"column":31}},"9":{"start":{"line":33,"column":45},"end":{"line":33,"column":65}},"10":{"start":{"line":43,"column":2},"end":{"line":43,"column":null}},"11":{"start":{"line":49,"column":2},"end":{"line":49,"column":null}},"12":{"start":{"line":55,"column":2},"end":{"line":55,"column":null}},"13":{"start":{"line":61,"column":2},"end":{"line":61,"column":null}},"14":{"start":{"line":67,"column":2},"end":{"line":67,"column":null}},"15":{"start":{"line":73,"column":2},"end":{"line":73,"column":null}},"16":{"start":{"line":72,"column":19},"end":{"line":72,"column":32}},"17":{"start":{"line":72,"column":47},"end":{"line":72,"column":67}},"18":{"start":{"line":76,"column":2},"end":{"line":76,"column":null}},"19":{"start":{"line":17,"column":13},"end":{"line":77,"column":null}}},"fnMap":{"0":{"name":"(anonymous_2)","decl":{"start":{"line":33,"column":13},"end":{"line":33,"column":16}},"loc":{"start":{"line":33,"column":19},"end":{"line":33,"column":31}}},"1":{"name":"(anonymous_3)","decl":{"start":{"line":33,"column":33},"end":{"line":33,"column":34}},"loc":{"start":{"line":33,"column":45},"end":{"line":33,"column":65}}},"2":{"name":"(anonymous_4)","decl":{"start":{"line":72,"column":13},"end":{"line":72,"column":16}},"loc":{"start":{"line":72,"column":19},"end":{"line":72,"column":32}}},"3":{"name":"(anonymous_5)","decl":{"start":{"line":72,"column":34},"end":{"line":72,"column":35}},"loc":{"start":{"line":72,"column":47},"end":{"line":72,"column":67}}}},"branchMap":{"0":{"loc":{"start":{"line":37,"column":10},"end":{"line":37,"column":23}},"type":"cond-expr","locations":[{"start":{"line":37,"column":22},"end":{"line":37,"column":23}},{"start":{"line":37,"column":22},"end":{"line":37,"column":23}}]},"1":{"loc":{"start":{"line":37,"column":10},"end":{"line":37,"column":22}},"type":"binary-expr","locations":[{"start":{"line":37,"column":10},"end":{"line":37,"column":23}},{"start":{"line":37,"column":10},"end":{"line":37,"column":22}}]},"2":{"loc":{"start":{"line":61,"column":19},"end":{"line":61,"column":24}},"type":"cond-expr","locations":[{"start":{"line":61,"column":23},"end":{"line":61,"column":24}},{"start":{"line":61,"column":23},"end":{"line":61,"column":24}}]},"3":{"loc":{"start":{"line":61,"column":19},"end":{"line":61,"column":23}},"type":"binary-expr","locations":[{"start":{"line":61,"column":19},"end":{"line":61,"column":24}},{"start":{"line":61,"column":19},"end":{"line":61,"column":23}}]},"4":{"loc":{"start":{"line":76,"column":13},"end":{"line":76,"column":18}},"type":"cond-expr","locations":[{"start":{"line":76,"column":17},"end":{"line":76,"column":18}},{"start":{"line":76,"column":17},"end":{"line":76,"column":18}}]},"5":{"loc":{"start":{"line":76,"column":13},"end":{"line":76,"column":17}},"type":"binary-expr","locations":[{"start":{"line":76,"column":13},"end":{"line":76,"column":18}},{"start":{"line":76,"column":13},"end":{"line":76,"column":17}}]}},"s":{"0":16,"1":16,"2":16,"3":16,"4":16,"5":16,"6":16,"7":16,"8":0,"9":0,"10":16,"11":16,"12":16,"13":16,"14":16,"15":16,"16":0,"17":0,"18":16,"19":16},"f":{"0":0,"1":0,"2":0,"3":0},"b":{"0":[9,7],"1":[16,9],"2":[16,0],"3":[16,16],"4":[16,0],"5":[16,16]}}
,"C:\\Projetos\\big_chat_brasil\\backend\\src\\domain\\entities\\financial-transaction.entity.ts": {"path":"C:\\Projetos\\big_chat_brasil\\backend\\src\\domain\\entities\\financial-transaction.entity.ts","statementMap":{"0":{"start":{"line":1,"column":0},"end":{"line":1,"column":null}},"1":{"start":{"line":9,"column":0},"end":{"line":9,"column":47}},"2":{"start":{"line":15,"column":7},"end":{"line":86,"column":null}},"3":{"start":{"line":15,"column":13},"end":{"line":15,"column":39}},"4":{"start":{"line":20,"column":2},"end":{"line":20,"column":null}},"5":{"start":{"line":26,"column":2},"end":{"line":26,"column":null}},"6":{"start":{"line":35,"column":2},"end":{"line":35,"column":null}},"7":{"start":{"line":31,"column":19},"end":{"line":31,"column":31}},"8":{"start":{"line":31,"column":45},"end":{"line":31,"column":64}},"9":{"start":{"line":50,"column":2},"end":{"line":55,"column":null}},"10":{"start":{"line":61,"column":2},"end":{"line":61,"column":null}},"11":{"start":{"line":67,"column":2},"end":{"line":67,"column":null}},"12":{"start":{"line":73,"column":2},"end":{"line":73,"column":null}},"13":{"start":{"line":79,"column":2},"end":{"line":79,"column":null}},"14":{"start":{"line":85,"column":2},"end":{"line":85,"column":null}},"15":{"start":{"line":15,"column":13},"end":{"line":86,"column":null}}},"fnMap":{"0":{"name":"(anonymous_2)","decl":{"start":{"line":31,"column":13},"end":{"line":31,"column":16}},"loc":{"start":{"line":31,"column":19},"end":{"line":31,"column":31}}},"1":{"name":"(anonymous_3)","decl":{"start":{"line":31,"column":33},"end":{"line":31,"column":34}},"loc":{"start":{"line":31,"column":45},"end":{"line":31,"column":64}}}},"branchMap":{"0":{"loc":{"start":{"line":35,"column":10},"end":{"line":35,"column":23}},"type":"cond-expr","locations":[{"start":{"line":35,"column":22},"end":{"line":35,"column":23}},{"start":{"line":35,"column":22},"end":{"line":35,"column":23}}]},"1":{"loc":{"start":{"line":35,"column":10},"end":{"line":35,"column":22}},"type":"binary-expr","locations":[{"start":{"line":35,"column":10},"end":{"line":35,"column":23}},{"start":{"line":35,"column":10},"end":{"line":35,"column":22}}]},"2":{"loc":{"start":{"line":85,"column":13},"end":{"line":85,"column":18}},"type":"cond-expr","locations":[{"start":{"line":85,"column":17},"end":{"line":85,"column":18}},{"start":{"line":85,"column":17},"end":{"line":85,"column":18}}]},"3":{"loc":{"start":{"line":85,"column":13},"end":{"line":85,"column":17}},"type":"binary-expr","locations":[{"start":{"line":85,"column":13},"end":{"line":85,"column":18}},{"start":{"line":85,"column":13},"end":{"line":85,"column":17}}]}},"s":{"0":16,"1":16,"2":16,"3":16,"4":16,"5":16,"6":16,"7":0,"8":0,"9":16,"10":16,"11":16,"12":16,"13":16,"14":16,"15":16},"f":{"0":0,"1":0},"b":{"0":[1,15],"1":[16,1],"2":[16,0],"3":[16,16]}}
,"C:\\Projetos\\big_chat_brasil\\backend\\src\\domain\\entities\\message-status-history.entity.ts": {"path":"C:\\Projetos\\big_chat_brasil\\backend\\src\\domain\\entities\\message-status-history.entity.ts","statementMap":{"0":{"start":{"line":1,"column":0},"end":{"line":1,"column":null}},"1":{"start":{"line":9,"column":0},"end":{"line":9,"column":49}},"2":{"start":{"line":15,"column":7},"end":{"line":57,"column":null}},"3":{"start":{"line":15,"column":13},"end":{"line":15,"column":39}},"4":{"start":{"line":20,"column":2},"end":{"line":20,"column":null}},"5":{"start":{"line":26,"column":2},"end":{"line":26,"column":null}},"6":{"start":{"line":35,"column":2},"end":{"line":35,"column":null}},"7":{"start":{"line":31,"column":19},"end":{"line":31,"column":32}},"8":{"start":{"line":31,"column":43},"end":{"line":31,"column":60}},"9":{"start":{"line":44,"column":2},"end":{"line":44,"column":null}},"10":{"start":{"line":50,"column":2},"end":{"line":50,"column":null}},"11":{"start":{"line":56,"column":2},"end":{"line":56,"column":null}},"12":{"start":{"line":15,"column":13},"end":{"line":57,"column":null}}},"fnMap":{"0":{"name":"(anonymous_2)","decl":{"start":{"line":31,"column":13},"end":{"line":31,"column":16}},"loc":{"start":{"line":31,"column":19},"end":{"line":31,"column":32}}},"1":{"name":"(anonymous_3)","decl":{"start":{"line":31,"column":34},"end":{"line":31,"column":35}},"loc":{"start":{"line":31,"column":43},"end":{"line":31,"column":60}}}},"branchMap":{"0":{"loc":{"start":{"line":35,"column":11},"end":{"line":35,"column":25}},"type":"cond-expr","locations":[{"start":{"line":35,"column":24},"end":{"line":35,"column":25}},{"start":{"line":35,"column":24},"end":{"line":35,"column":25}}]},"1":{"loc":{"start":{"line":35,"column":11},"end":{"line":35,"column":24}},"type":"binary-expr","locations":[{"start":{"line":35,"column":11},"end":{"line":35,"column":25}},{"start":{"line":35,"column":11},"end":{"line":35,"column":24}}]},"2":{"loc":{"start":{"line":50,"column":13},"end":{"line":50,"column":18}},"type":"cond-expr","locations":[{"start":{"line":50,"column":17},"end":{"line":50,"column":18}},{"start":{"line":50,"column":17},"end":{"line":50,"column":18}}]},"3":{"loc":{"start":{"line":50,"column":13},"end":{"line":50,"column":17}},"type":"binary-expr","locations":[{"start":{"line":50,"column":13},"end":{"line":50,"column":18}},{"start":{"line":50,"column":13},"end":{"line":50,"column":17}}]}},"s":{"0":16,"1":16,"2":16,"3":16,"4":16,"5":16,"6":16,"7":0,"8":0,"9":16,"10":16,"11":16,"12":16},"f":{"0":0,"1":0},"b":{"0":[1,15],"1":[16,1],"2":[16,0],"3":[16,16]}}
,"C:\\Projetos\\big_chat_brasil\\backend\\src\\domain\\entities\\message.entity.ts": {"path":"C:\\Projetos\\big_chat_brasil\\backend\\src\\domain\\entities\\message.entity.ts","statementMap":{"0":{"start":{"line":1,"column":0},"end":{"line":1,"column":null}},"1":{"start":{"line":10,"column":0},"end":{"line":10,"column":59}},"2":{"start":{"line":11,"column":0},"end":{"line":11,"column":47}},"3":{"start":{"line":12,"column":0},"end":{"line":12,"column":77}},"4":{"start":{"line":18,"column":7},"end":{"line":104,"column":null}},"5":{"start":{"line":18,"column":13},"end":{"line":18,"column":26}},"6":{"start":{"line":23,"column":2},"end":{"line":23,"column":null}},"7":{"start":{"line":29,"column":2},"end":{"line":29,"column":null}},"8":{"start":{"line":38,"column":2},"end":{"line":38,"column":null}},"9":{"start":{"line":34,"column":19},"end":{"line":34,"column":37}},"10":{"start":{"line":34,"column":49},"end":{"line":34,"column":62}},"11":{"start":{"line":44,"column":2},"end":{"line":44,"column":null}},"12":{"start":{"line":51,"column":2},"end":{"line":51,"column":null}},"13":{"start":{"line":49,"column":19},"end":{"line":49,"column":31}},"14":{"start":{"line":57,"column":2},"end":{"line":57,"column":null}},"15":{"start":{"line":63,"column":2},"end":{"line":63,"column":null}},"16":{"start":{"line":69,"column":2},"end":{"line":69,"column":null}},"17":{"start":{"line":75,"column":2},"end":{"line":75,"column":null}},"18":{"start":{"line":81,"column":2},"end":{"line":81,"column":null}},"19":{"start":{"line":91,"column":2},"end":{"line":91,"column":null}},"20":{"start":{"line":97,"column":2},"end":{"line":97,"column":null}},"21":{"start":{"line":103,"column":2},"end":{"line":103,"column":null}},"22":{"start":{"line":102,"column":19},"end":{"line":102,"column":45}},"23":{"start":{"line":102,"column":60},"end":{"line":102,"column":75}},"24":{"start":{"line":18,"column":13},"end":{"line":104,"column":null}}},"fnMap":{"0":{"name":"(anonymous_2)","decl":{"start":{"line":34,"column":13},"end":{"line":34,"column":16}},"loc":{"start":{"line":34,"column":19},"end":{"line":34,"column":37}}},"1":{"name":"(anonymous_3)","decl":{"start":{"line":34,"column":39},"end":{"line":34,"column":40}},"loc":{"start":{"line":34,"column":49},"end":{"line":34,"column":62}}},"2":{"name":"(anonymous_4)","decl":{"start":{"line":49,"column":13},"end":{"line":49,"column":16}},"loc":{"start":{"line":49,"column":19},"end":{"line":49,"column":31}}},"3":{"name":"(anonymous_5)","decl":{"start":{"line":102,"column":13},"end":{"line":102,"column":16}},"loc":{"start":{"line":102,"column":19},"end":{"line":102,"column":45}}},"4":{"name":"(anonymous_6)","decl":{"start":{"line":102,"column":47},"end":{"line":102,"column":48}},"loc":{"start":{"line":102,"column":60},"end":{"line":102,"column":75}}}},"branchMap":{"0":{"loc":{"start":{"line":38,"column":16},"end":{"line":38,"column":35}},"type":"cond-expr","locations":[{"start":{"line":38,"column":34},"end":{"line":38,"column":35}},{"start":{"line":38,"column":34},"end":{"line":38,"column":35}}]},"1":{"loc":{"start":{"line":38,"column":16},"end":{"line":38,"column":34}},"type":"binary-expr","locations":[{"start":{"line":38,"column":16},"end":{"line":38,"column":35}},{"start":{"line":38,"column":16},"end":{"line":38,"column":34}}]},"2":{"loc":{"start":{"line":51,"column":10},"end":{"line":51,"column":23}},"type":"cond-expr","locations":[{"start":{"line":51,"column":22},"end":{"line":51,"column":23}},{"start":{"line":51,"column":22},"end":{"line":51,"column":23}}]},"3":{"loc":{"start":{"line":51,"column":10},"end":{"line":51,"column":22}},"type":"binary-expr","locations":[{"start":{"line":51,"column":10},"end":{"line":51,"column":23}},{"start":{"line":51,"column":10},"end":{"line":51,"column":22}}]},"4":{"loc":{"start":{"line":75,"column":13},"end":{"line":75,"column":18}},"type":"cond-expr","locations":[{"start":{"line":75,"column":17},"end":{"line":75,"column":18}},{"start":{"line":75,"column":17},"end":{"line":75,"column":18}}]},"5":{"loc":{"start":{"line":75,"column":13},"end":{"line":75,"column":17}},"type":"binary-expr","locations":[{"start":{"line":75,"column":13},"end":{"line":75,"column":18}},{"start":{"line":75,"column":13},"end":{"line":75,"column":17}}]}},"s":{"0":16,"1":16,"2":16,"3":16,"4":16,"5":16,"6":16,"7":16,"8":16,"9":0,"10":0,"11":16,"12":16,"13":0,"14":16,"15":16,"16":16,"17":16,"18":16,"19":16,"20":16,"21":16,"22":0,"23":0,"24":16},"f":{"0":0,"1":0,"2":0,"3":0,"4":0},"b":{"0":[6,10],"1":[16,6],"2":[9,7],"3":[16,9],"4":[16,0],"5":[16,16]}}
,"C:\\Projetos\\big_chat_brasil\\backend\\src\\infrastructure\\database\\seeders\\initial.seeder.ts": {"path":"C:\\Projetos\\big_chat_brasil\\backend\\src\\infrastructure\\database\\seeders\\initial.seeder.ts","statementMap":{"0":{"start":{"line":1,"column":0},"end":{"line":1,"column":44}},"1":{"start":{"line":2,"column":0},"end":{"line":2,"column":37}},"2":{"start":{"line":3,"column":0},"end":{"line":3,"column":70}},"3":{"start":{"line":4,"column":0},"end":{"line":4,"column":82}},"4":{"start":{"line":5,"column":0},"end":{"line":5,"column":72}},"5":{"start":{"line":6,"column":0},"end":{"line":6,"column":100}},"6":{"start":{"line":7,"column":0},"end":{"line":7,"column":99}},"7":{"start":{"line":10,"column":7},"end":{"line":110,"column":null}},"8":{"start":{"line":11,"column":22},"end":{"line":11,"column":34}},"9":{"start":{"line":14,"column":24},"end":{"line":14,"column":59}},"10":{"start":{"line":15,"column":4},"end":{"line":15,"column":32}},"11":{"start":{"line":16,"column":4},"end":{"line":16,"column":41}},"12":{"start":{"line":18,"column":4},"end":{"line":108,"column":5}},"13":{"start":{"line":20,"column":22},"end":{"line":29,"column":8}},"14":{"start":{"line":30,"column":6},"end":{"line":30,"column":46}},"15":{"start":{"line":33,"column":22},"end":{"line":42,"column":8}},"16":{"start":{"line":43,"column":6},"end":{"line":43,"column":46}},"17":{"start":{"line":46,"column":27},"end":{"line":53,"column":8}},"18":{"start":{"line":54,"column":6},"end":{"line":54,"column":51}},"19":{"start":{"line":57,"column":22},"end":{"line":66,"column":8}},"20":{"start":{"line":67,"column":6},"end":{"line":67,"column":46}},"21":{"start":{"line":70,"column":22},"end":{"line":74,"column":8}},"22":{"start":{"line":75,"column":6},"end":{"line":75,"column":46}},"23":{"start":{"line":79,"column":30},"end":{"line":86,"column":8}},"24":{"start":{"line":87,"column":6},"end":{"line":87,"column":54}},"25":{"start":{"line":90,"column":31},"end":{"line":97,"column":8}},"26":{"start":{"line":98,"column":6},"end":{"line":98,"column":55}},"27":{"start":{"line":100,"column":6},"end":{"line":100,"column":44}},"28":{"start":{"line":101,"column":6},"end":{"line":101,"column":51}},"29":{"start":{"line":103,"column":6},"end":{"line":103,"column":46}},"30":{"start":{"line":104,"column":6},"end":{"line":104,"column":53}},"31":{"start":{"line":105,"column":6},"end":{"line":105,"column":16}},"32":{"start":{"line":107,"column":6},"end":{"line":107,"column":34}},"33":{"start":{"line":10,"column":13},"end":{"line":10,"column":26}},"34":{"start":{"line":10,"column":13},"end":{"line":110,"column":null}}},"fnMap":{"0":{"name":"(anonymous_2)","decl":{"start":{"line":11,"column":2},"end":{"line":11,"column":22}},"loc":{"start":{"line":11,"column":44},"end":{"line":11,"column":48}}},"1":{"name":"(anonymous_3)","decl":{"start":{"line":13,"column":2},"end":{"line":13,"column":7}},"loc":{"start":{"line":13,"column":12},"end":{"line":109,"column":3}}}},"branchMap":{"0":{"loc":{"start":{"line":11,"column":34},"end":{"line":11,"column":47}},"type":"cond-expr","locations":[{"start":{"line":11,"column":44},"end":{"line":11,"column":47}},{"start":{"line":11,"column":44},"end":{"line":11,"column":47}}]},"1":{"loc":{"start":{"line":11,"column":34},"end":{"line":11,"column":44}},"type":"binary-expr","locations":[{"start":{"line":11,"column":34},"end":{"line":11,"column":47}},{"start":{"line":11,"column":34},"end":{"line":11,"column":44}}]}},"s":{"0":1,"1":1,"2":1,"3":1,"4":1,"5":1,"6":1,"7":1,"8":3,"9":2,"10":2,"11":2,"12":2,"13":2,"14":2,"15":1,"16":1,"17":1,"18":1,"19":1,"20":1,"21":1,"22":1,"23":1,"24":1,"25":1,"26":1,"27":1,"28":1,"29":1,"30":1,"31":1,"32":2,"33":1,"34":1},"f":{"0":3,"1":2},"b":{"0":[1,0],"1":[1,1]}}
,"C:\\Projetos\\big_chat_brasil\\backend\\src\\infrastructure\\queue\\message.consumer.ts": {"path":"C:\\Projetos\\big_chat_brasil\\backend\\src\\infrastructure\\queue\\message.consumer.ts","statementMap":{"0":{"start":{"line":1,"column":0},"end":{"line":1,"column":52}},"1":{"start":{"line":2,"column":0},"end":{"line":2,"column":79}},"2":{"start":{"line":3,"column":0},"end":{"line":3,"column":51}},"3":{"start":{"line":4,"column":0},"end":{"line":4,"column":49}},"4":{"start":{"line":5,"column":0},"end":{"line":5,"column":69}},"5":{"start":{"line":6,"column":0},"end":{"line":6,"column":97}},"6":{"start":{"line":9,"column":28},"end":{"line":89,"column":null}},"7":{"start":{"line":10,"column":28},"end":{"line":10,"column":60}},"8":{"start":{"line":11,"column":26},"end":{"line":11,"column":27}},"9":{"start":{"line":15,"column":21},"end":{"line":15,"column":34}},"10":{"start":{"line":17,"column":21},"end":{"line":17,"column":40}},"11":{"start":{"line":18,"column":21},"end":{"line":18,"column":33}},"12":{"start":{"line":23,"column":4},"end":{"line":23,"column":59}},"13":{"start":{"line":29,"column":4},"end":{"line":29,"column":36}},"14":{"start":{"line":30,"column":4},"end":{"line":30,"column":25}},"15":{"start":{"line":37,"column":4},"end":{"line":37,"column":59}},"16":{"start":{"line":42,"column":4},"end":{"line":42,"column":36}},"17":{"start":{"line":43,"column":4},"end":{"line":43,"column":27}},"18":{"start":{"line":47,"column":22},"end":{"line":47,"column":29}},"19":{"start":{"line":50,"column":4},"end":{"line":50,"column":93}},"20":{"start":{"line":53,"column":4},"end":{"line":53,"column":61}},"21":{"start":{"line":53,"column":35},"end":{"line":53,"column":59}},"22":{"start":{"line":56,"column":4},"end":{"line":56,"column":87}},"23":{"start":{"line":59,"column":4},"end":{"line":59,"column":61}},"24":{"start":{"line":59,"column":35},"end":{"line":59,"column":59}},"25":{"start":{"line":62,"column":4},"end":{"line":62,"column":93}},"26":{"start":{"line":66,"column":24},"end":{"line":66,"column":59}},"27":{"start":{"line":67,"column":4},"end":{"line":67,"column":32}},"28":{"start":{"line":68,"column":4},"end":{"line":68,"column":41}},"29":{"start":{"line":70,"column":4},"end":{"line":87,"column":5}},"30":{"start":{"line":71,"column":6},"end":{"line":71,"column":77}},"31":{"start":{"line":73,"column":22},"end":{"line":77,"column":8}},"32":{"start":{"line":78,"column":6},"end":{"line":78,"column":46}},"33":{"start":{"line":80,"column":6},"end":{"line":80,"column":44}},"34":{"start":{"line":81,"column":6},"end":{"line":81,"column":69}},"35":{"start":{"line":83,"column":6},"end":{"line":83,"column":46}},"36":{"start":{"line":84,"column":6},"end":{"line":84,"column":79}},"37":{"start":{"line":86,"column":6},"end":{"line":86,"column":34}},"38":{"start":{"line":9,"column":13},"end":{"line":9,"column":28}},"39":{"start":{"line":22,"column":8},"end":{"line":33,"column":null}},"40":{"start":{"line":36,"column":8},"end":{"line":44,"column":null}},"41":{"start":{"line":9,"column":13},"end":{"line":89,"column":null}}},"fnMap":{"0":{"name":"(anonymous_4)","decl":{"start":{"line":13,"column":2},"end":{"line":13,"column":null}},"loc":{"start":{"line":18,"column":43},"end":{"line":19,"column":6}}},"1":{"name":"(anonymous_5)","decl":{"start":{"line":22,"column":8},"end":{"line":22,"column":27}},"loc":{"start":{"line":22,"column":76},"end":{"line":33,"column":3}}},"2":{"name":"(anonymous_6)","decl":{"start":{"line":36,"column":8},"end":{"line":36,"column":27}},"loc":{"start":{"line":36,"column":76},"end":{"line":44,"column":3}}},"3":{"name":"(anonymous_7)","decl":{"start":{"line":46,"column":10},"end":{"line":46,"column":15}},"loc":{"start":{"line":46,"column":40},"end":{"line":63,"column":3}}},"4":{"name":"(anonymous_8)","decl":{"start":{"line":53,"column":22},"end":{"line":53,"column":23}},"loc":{"start":{"line":53,"column":35},"end":{"line":53,"column":59}}},"5":{"name":"(anonymous_9)","decl":{"start":{"line":59,"column":22},"end":{"line":59,"column":23}},"loc":{"start":{"line":59,"column":35},"end":{"line":59,"column":59}}},"6":{"name":"(anonymous_10)","decl":{"start":{"line":65,"column":10},"end":{"line":65,"column":15}},"loc":{"start":{"line":65,"column":76},"end":{"line":88,"column":3}}}},"branchMap":{"0":{"loc":{"start":{"line":22,"column":66},"end":{"line":22,"column":null}},"type":"cond-expr","locations":[{"start":{"line":22,"column":76},"end":{"line":22,"column":null}},{"start":{"line":22,"column":76},"end":{"line":22,"column":null}}]},"1":{"loc":{"start":{"line":22,"column":66},"end":{"line":22,"column":76}},"type":"binary-expr","locations":[{"start":{"line":22,"column":66},"end":{"line":22,"column":null}},{"start":{"line":22,"column":66},"end":{"line":22,"column":76}}]},"2":{"loc":{"start":{"line":36,"column":66},"end":{"line":36,"column":null}},"type":"cond-expr","locations":[{"start":{"line":36,"column":76},"end":{"line":36,"column":null}},{"start":{"line":36,"column":76},"end":{"line":36,"column":null}}]},"3":{"loc":{"start":{"line":36,"column":66},"end":{"line":36,"column":76}},"type":"binary-expr","locations":[{"start":{"line":36,"column":66},"end":{"line":36,"column":null}},{"start":{"line":36,"column":66},"end":{"line":36,"column":76}}]},"4":{"loc":{"start":{"line":15,"column":34},"end":{"line":15,"column":59}},"type":"cond-expr","locations":[{"start":{"line":15,"column":44},"end":{"line":15,"column":59}},{"start":{"line":15,"column":44},"end":{"line":15,"column":59}}]},"5":{"loc":{"start":{"line":15,"column":34},"end":{"line":15,"column":44}},"type":"binary-expr","locations":[{"start":{"line":15,"column":34},"end":{"line":15,"column":59}},{"start":{"line":15,"column":34},"end":{"line":15,"column":44}}]},"6":{"loc":{"start":{"line":15,"column":44},"end":{"line":17,"column":78}},"type":"cond-expr","locations":[{"start":{"line":17,"column":50},"end":{"line":17,"column":78}},{"start":{"line":17,"column":50},"end":{"line":17,"column":78}}]},"7":{"loc":{"start":{"line":15,"column":44},"end":{"line":17,"column":50}},"type":"binary-expr","locations":[{"start":{"line":15,"column":44},"end":{"line":17,"column":78}},{"start":{"line":17,"column":40},"end":{"line":17,"column":50}}]},"8":{"loc":{"start":{"line":17,"column":50},"end":{"line":18,"column":null}},"type":"cond-expr","locations":[{"start":{"line":18,"column":43},"end":{"line":18,"column":null}},{"start":{"line":18,"column":43},"end":{"line":18,"column":null}}]},"9":{"loc":{"start":{"line":17,"column":50},"end":{"line":18,"column":43}},"type":"binary-expr","locations":[{"start":{"line":17,"column":50},"end":{"line":18,"column":null}},{"start":{"line":18,"column":33},"end":{"line":18,"column":43}}]}},"s":{"0":1,"1":1,"2":1,"3":1,"4":1,"5":1,"6":1,"7":4,"8":4,"9":4,"10":4,"11":4,"12":1,"13":1,"14":1,"15":1,"16":1,"17":1,"18":3,"19":3,"20":3,"21":3,"22":3,"23":3,"24":3,"25":3,"26":9,"27":9,"28":9,"29":9,"30":9,"31":9,"32":9,"33":9,"34":9,"35":0,"36":0,"37":9,"38":1,"39":1,"40":1,"41":1},"f":{"0":4,"1":1,"2":1,"3":3,"4":3,"5":3,"6":9},"b":{"0":[1,0],"1":[1,1],"2":[1,0],"3":[1,1],"4":[1,0],"5":[1,1],"6":[1,0],"7":[1,1],"8":[1,0],"9":[1,1]}}
,"C:\\Projetos\\big_chat_brasil\\backend\\src\\infrastructure\\queue\\queue.module.ts": {"path":"C:\\Projetos\\big_chat_brasil\\backend\\src\\infrastructure\\queue\\queue.module.ts","statementMap":{"0":{"start":{"line":1,"column":0},"end":{"line":1,"column":40}},"1":{"start":{"line":2,"column":0},"end":{"line":2,"column":65}},"2":{"start":{"line":3,"column":0},"end":{"line":3,"column":47}},"3":{"start":{"line":4,"column":0},"end":{"line":4,"column":82}},"4":{"start":{"line":6,"column":0},"end":{"line":6,"column":53}},"5":{"start":{"line":7,"column":0},"end":{"line":7,"column":48}},"6":{"start":{"line":8,"column":0},"end":{"line":8,"column":69}},"7":{"start":{"line":9,"column":0},"end":{"line":9,"column":97}},"8":{"start":{"line":35,"column":7},"end":{"line":35,"column":null}},"9":{"start":{"line":35,"column":13},"end":{"line":35,"column":24}},"10":{"start":{"line":35,"column":13},"end":{"line":35,"column":null}}},"fnMap":{},"branchMap":{"0":{"loc":{"start":{"line":19,"column":17},"end":{"line":19,"column":96}},"type":"binary-expr","locations":[{"start":{"line":19,"column":17},"end":{"line":19,"column":41}},{"start":{"line":19,"column":45},"end":{"line":19,"column":96}}]}},"s":{"0":0,"1":0,"2":0,"3":0,"4":0,"5":0,"6":0,"7":0,"8":0,"9":0,"10":0},"f":{},"b":{"0":[0,0]}}
,"C:\\Projetos\\big_chat_brasil\\backend\\src\\infrastructure\\queue\\queue.service.ts": {"path":"C:\\Projetos\\big_chat_brasil\\backend\\src\\infrastructure\\queue\\queue.service.ts","statementMap":{"0":{"start":{"line":1,"column":0},"end":{"line":1,"column":52}},"1":{"start":{"line":2,"column":0},"end":{"line":2,"column":52}},"2":{"start":{"line":5,"column":7},"end":{"line":15,"column":null}},"3":{"start":{"line":7,"column":40},"end":{"line":7,"column":48}},"4":{"start":{"line":12,"column":20},"end":{"line":12,"column":97}},"5":{"start":{"line":13,"column":4},"end":{"line":13,"column":46}},"6":{"start":{"line":5,"column":13},"end":{"line":5,"column":25}},"7":{"start":{"line":5,"column":13},"end":{"line":15,"column":null}}},"fnMap":{"0":{"name":"(anonymous_4)","decl":{"start":{"line":6,"column":2},"end":{"line":6,"column":null}},"loc":{"start":{"line":7,"column":59},"end":{"line":8,"column":6}}},"1":{"name":"(anonymous_5)","decl":{"start":{"line":10,"column":2},"end":{"line":10,"column":7}},"loc":{"start":{"line":10,"column":35},"end":{"line":14,"column":3}}}},"branchMap":{"0":{"loc":{"start":{"line":12,"column":20},"end":{"line":12,"column":97}},"type":"cond-expr","locations":[{"start":{"line":12,"column":52},"end":{"line":12,"column":73}},{"start":{"line":12,"column":76},"end":{"line":12,"column":97}}]},"1":{"loc":{"start":{"line":7,"column":48},"end":{"line":7,"column":null}},"type":"cond-expr","locations":[{"start":{"line":7,"column":59},"end":{"line":7,"column":null}},{"start":{"line":7,"column":59},"end":{"line":7,"column":null}}]},"2":{"loc":{"start":{"line":7,"column":48},"end":{"line":7,"column":59}},"type":"binary-expr","locations":[{"start":{"line":7,"column":48},"end":{"line":7,"column":null}},{"start":{"line":7,"column":48},"end":{"line":7,"column":59}}]}},"s":{"0":3,"1":3,"2":3,"3":2,"4":2,"5":2,"6":3,"7":3},"f":{"0":2,"1":2},"b":{"0":[1,1],"1":[3,0],"2":[3,3]}}
,"C:\\Projetos\\big_chat_brasil\\backend\\src\\presentation\\controllers\\admin.controller.ts": {"path":"C:\\Projetos\\big_chat_brasil\\backend\\src\\presentation\\controllers\\admin.controller.ts","statementMap":{"0":{"start":{"line":1,"column":0},"end":{"line":1,"column":75}},"1":{"start":{"line":2,"column":0},"end":{"line":2,"column":56}},"2":{"start":{"line":3,"column":0},"end":{"line":3,"column":72}},"3":{"start":{"line":4,"column":0},"end":{"line":4,"column":82}},"4":{"start":{"line":8,"column":7},"end":{"line":34,"column":null}},"5":{"start":{"line":9,"column":31},"end":{"line":9,"column":45}},"6":{"start":{"line":14,"column":4},"end":{"line":14,"column":59}},"7":{"start":{"line":20,"column":4},"end":{"line":20,"column":61}},"8":{"start":{"line":26,"column":4},"end":{"line":26,"column":61}},"9":{"start":{"line":32,"column":4},"end":{"line":32,"column":49}},"10":{"start":{"line":8,"column":13},"end":{"line":8,"column":28}},"11":{"start":{"line":13,"column":8},"end":{"line":15,"column":null}},"12":{"start":{"line":19,"column":8},"end":{"line":21,"column":null}},"13":{"start":{"line":25,"column":8},"end":{"line":27,"column":null}},"14":{"start":{"line":31,"column":8},"end":{"line":33,"column":null}},"15":{"start":{"line":8,"column":13},"end":{"line":34,"column":null}}},"fnMap":{"0":{"name":"(anonymous_4)","decl":{"start":{"line":9,"column":2},"end":{"line":9,"column":31}},"loc":{"start":{"line":9,"column":57},"end":{"line":9,"column":61}}},"1":{"name":"(anonymous_5)","decl":{"start":{"line":13,"column":8},"end":{"line":13,"column":18}},"loc":{"start":{"line":13,"column":80},"end":{"line":15,"column":3}}},"2":{"name":"(anonymous_6)","decl":{"start":{"line":19,"column":8},"end":{"line":19,"column":19}},"loc":{"start":{"line":19,"column":83},"end":{"line":21,"column":3}}},"3":{"name":"(anonymous_7)","decl":{"start":{"line":25,"column":8},"end":{"line":25,"column":19}},"loc":{"start":{"line":25,"column":83},"end":{"line":27,"column":3}}},"4":{"name":"(anonymous_8)","decl":{"start":{"line":31,"column":8},"end":{"line":31,"column":23}},"loc":{"start":{"line":31,"column":47},"end":{"line":33,"column":3}}}},"branchMap":{"0":{"loc":{"start":{"line":13,"column":67},"end":{"line":13,"column":null}},"type":"cond-expr","locations":[{"start":{"line":13,"column":80},"end":{"line":13,"column":null}},{"start":{"line":13,"column":80},"end":{"line":13,"column":null}}]},"1":{"loc":{"start":{"line":13,"column":67},"end":{"line":13,"column":80}},"type":"binary-expr","locations":[{"start":{"line":13,"column":67},"end":{"line":13,"column":null}},{"start":{"line":13,"column":67},"end":{"line":13,"column":80}}]},"2":{"loc":{"start":{"line":19,"column":69},"end":{"line":19,"column":null}},"type":"cond-expr","locations":[{"start":{"line":19,"column":83},"end":{"line":19,"column":null}},{"start":{"line":19,"column":83},"end":{"line":19,"column":null}}]},"3":{"loc":{"start":{"line":19,"column":69},"end":{"line":19,"column":83}},"type":"binary-expr","locations":[{"start":{"line":19,"column":69},"end":{"line":19,"column":null}},{"start":{"line":19,"column":69},"end":{"line":19,"column":83}}]},"4":{"loc":{"start":{"line":25,"column":69},"end":{"line":25,"column":null}},"type":"cond-expr","locations":[{"start":{"line":25,"column":83},"end":{"line":25,"column":null}},{"start":{"line":25,"column":83},"end":{"line":25,"column":null}}]},"5":{"loc":{"start":{"line":25,"column":69},"end":{"line":25,"column":83}},"type":"binary-expr","locations":[{"start":{"line":25,"column":69},"end":{"line":25,"column":null}},{"start":{"line":25,"column":69},"end":{"line":25,"column":83}}]},"6":{"loc":{"start":{"line":9,"column":45},"end":{"line":9,"column":60}},"type":"cond-expr","locations":[{"start":{"line":9,"column":57},"end":{"line":9,"column":60}},{"start":{"line":9,"column":57},"end":{"line":9,"column":60}}]},"7":{"loc":{"start":{"line":9,"column":45},"end":{"line":9,"column":57}},"type":"binary-expr","locations":[{"start":{"line":9,"column":45},"end":{"line":9,"column":60}},{"start":{"line":9,"column":45},"end":{"line":9,"column":57}}]}},"s":{"0":1,"1":1,"2":1,"3":1,"4":1,"5":4,"6":1,"7":1,"8":1,"9":1,"10":1,"11":1,"12":1,"13":1,"14":1,"15":1},"f":{"0":4,"1":1,"2":1,"3":1,"4":1},"b":{"0":[1,0],"1":[1,1],"2":[1,0],"3":[1,1],"4":[1,0],"5":[1,1],"6":[1,0],"7":[1,1]}}
,"C:\\Projetos\\big_chat_brasil\\backend\\src\\presentation\\controllers\\auth.controller.ts": {"path":"C:\\Projetos\\big_chat_brasil\\backend\\src\\presentation\\controllers\\auth.controller.ts","statementMap":{"0":{"start":{"line":1,"column":0},"end":{"line":1,"column":78}},"1":{"start":{"line":2,"column":0},"end":{"line":2,"column":69}},"2":{"start":{"line":3,"column":0},"end":{"line":3,"column":70}},"3":{"start":{"line":4,"column":0},"end":{"line":4,"column":43}},"4":{"start":{"line":8,"column":7},"end":{"line":19,"column":null}},"5":{"start":{"line":9,"column":31},"end":{"line":9,"column":44}},"6":{"start":{"line":17,"column":4},"end":{"line":17,"column":43}},"7":{"start":{"line":8,"column":13},"end":{"line":8,"column":27}},"8":{"start":{"line":16,"column":8},"end":{"line":18,"column":null}},"9":{"start":{"line":8,"column":13},"end":{"line":19,"column":null}}},"fnMap":{"0":{"name":"(anonymous_4)","decl":{"start":{"line":9,"column":2},"end":{"line":9,"column":31}},"loc":{"start":{"line":9,"column":55},"end":{"line":9,"column":59}}},"1":{"name":"(anonymous_5)","decl":{"start":{"line":16,"column":8},"end":{"line":16,"column":13}},"loc":{"start":{"line":16,"column":38},"end":{"line":18,"column":3}}}},"branchMap":{"0":{"loc":{"start":{"line":16,"column":31},"end":{"line":16,"column":null}},"type":"cond-expr","locations":[{"start":{"line":16,"column":38},"end":{"line":16,"column":null}},{"start":{"line":16,"column":38},"end":{"line":16,"column":null}}]},"1":{"loc":{"start":{"line":16,"column":31},"end":{"line":16,"column":38}},"type":"binary-expr","locations":[{"start":{"line":16,"column":31},"end":{"line":16,"column":null}},{"start":{"line":16,"column":31},"end":{"line":16,"column":38}}]},"2":{"loc":{"start":{"line":9,"column":44},"end":{"line":9,"column":58}},"type":"cond-expr","locations":[{"start":{"line":9,"column":55},"end":{"line":9,"column":58}},{"start":{"line":9,"column":55},"end":{"line":9,"column":58}}]},"3":{"loc":{"start":{"line":9,"column":44},"end":{"line":9,"column":55}},"type":"binary-expr","locations":[{"start":{"line":9,"column":44},"end":{"line":9,"column":58}},{"start":{"line":9,"column":44},"end":{"line":9,"column":55}}]}},"s":{"0":1,"1":1,"2":1,"3":1,"4":1,"5":1,"6":1,"7":1,"8":1,"9":1},"f":{"0":1,"1":1},"b":{"0":[1,0],"1":[1,1],"2":[1,0],"3":[1,1]}}
,"C:\\Projetos\\big_chat_brasil\\backend\\src\\presentation\\controllers\\client.controller.ts": {"path":"C:\\Projetos\\big_chat_brasil\\backend\\src\\presentation\\controllers\\client.controller.ts","statementMap":{"0":{"start":{"line":1,"column":0},"end":{"line":1,"column":73}},"1":{"start":{"line":2,"column":0},"end":{"line":2,"column":69}},"2":{"start":{"line":3,"column":0},"end":{"line":3,"column":74}},"3":{"start":{"line":4,"column":0},"end":{"line":4,"column":60}},"4":{"start":{"line":5,"column":0},"end":{"line":5,"column":60}},"5":{"start":{"line":9,"column":7},"end":{"line":41,"column":null}},"6":{"start":{"line":10,"column":31},"end":{"line":10,"column":46}},"7":{"start":{"line":15,"column":4},"end":{"line":15,"column":40}},"8":{"start":{"line":21,"column":4},"end":{"line":21,"column":54}},"9":{"start":{"line":27,"column":4},"end":{"line":27,"column":42}},"10":{"start":{"line":33,"column":4},"end":{"line":33,"column":58}},"11":{"start":{"line":39,"column":4},"end":{"line":39,"column":45}},"12":{"start":{"line":9,"column":13},"end":{"line":9,"column":29}},"13":{"start":{"line":14,"column":8},"end":{"line":16,"column":null}},"14":{"start":{"line":20,"column":8},"end":{"line":22,"column":null}},"15":{"start":{"line":26,"column":8},"end":{"line":28,"column":null}},"16":{"start":{"line":32,"column":8},"end":{"line":34,"column":null}},"17":{"start":{"line":38,"column":8},"end":{"line":40,"column":null}},"18":{"start":{"line":9,"column":13},"end":{"line":41,"column":null}}},"fnMap":{"0":{"name":"(anonymous_4)","decl":{"start":{"line":10,"column":2},"end":{"line":10,"column":31}},"loc":{"start":{"line":10,"column":59},"end":{"line":10,"column":63}}},"1":{"name":"(anonymous_5)","decl":{"start":{"line":14,"column":8},"end":{"line":14,"column":15}},"loc":{"start":{"line":14,"column":15},"end":{"line":16,"column":3}}},"2":{"name":"(anonymous_6)","decl":{"start":{"line":20,"column":8},"end":{"line":20,"column":14}},"loc":{"start":{"line":20,"column":55},"end":{"line":22,"column":3}}},"3":{"name":"(anonymous_7)","decl":{"start":{"line":26,"column":8},"end":{"line":26,"column":15}},"loc":{"start":{"line":26,"column":39},"end":{"line":28,"column":3}}},"4":{"name":"(anonymous_8)","decl":{"start":{"line":32,"column":8},"end":{"line":32,"column":14}},"loc":{"start":{"line":32,"column":80},"end":{"line":34,"column":3}}},"5":{"name":"(anonymous_9)","decl":{"start":{"line":38,"column":8},"end":{"line":38,"column":18}},"loc":{"start":{"line":38,"column":42},"end":{"line":40,"column":3}}}},"branchMap":{"0":{"loc":{"start":{"line":20,"column":40},"end":{"line":20,"column":null}},"type":"cond-expr","locations":[{"start":{"line":20,"column":55},"end":{"line":20,"column":null}},{"start":{"line":20,"column":55},"end":{"line":20,"column":null}}]},"1":{"loc":{"start":{"line":20,"column":40},"end":{"line":20,"column":55}},"type":"binary-expr","locations":[{"start":{"line":20,"column":40},"end":{"line":20,"column":null}},{"start":{"line":20,"column":40},"end":{"line":20,"column":55}}]},"2":{"loc":{"start":{"line":32,"column":65},"end":{"line":32,"column":null}},"type":"cond-expr","locations":[{"start":{"line":32,"column":80},"end":{"line":32,"column":null}},{"start":{"line":32,"column":80},"end":{"line":32,"column":null}}]},"3":{"loc":{"start":{"line":32,"column":65},"end":{"line":32,"column":80}},"type":"binary-expr","locations":[{"start":{"line":32,"column":65},"end":{"line":32,"column":null}},{"start":{"line":32,"column":65},"end":{"line":32,"column":80}}]},"4":{"loc":{"start":{"line":10,"column":46},"end":{"line":10,"column":62}},"type":"cond-expr","locations":[{"start":{"line":10,"column":59},"end":{"line":10,"column":62}},{"start":{"line":10,"column":59},"end":{"line":10,"column":62}}]},"5":{"loc":{"start":{"line":10,"column":46},"end":{"line":10,"column":59}},"type":"binary-expr","locations":[{"start":{"line":10,"column":46},"end":{"line":10,"column":62}},{"start":{"line":10,"column":46},"end":{"line":10,"column":59}}]}},"s":{"0":1,"1":1,"2":1,"3":1,"4":1,"5":1,"6":1,"7":0,"8":0,"9":0,"10":0,"11":0,"12":1,"13":1,"14":1,"15":1,"16":1,"17":1,"18":1},"f":{"0":1,"1":0,"2":0,"3":0,"4":0,"5":0},"b":{"0":[1,0],"1":[1,1],"2":[1,0],"3":[1,1],"4":[1,0],"5":[1,1]}}
,"C:\\Projetos\\big_chat_brasil\\backend\\src\\presentation\\controllers\\conversation.controller.ts": {"path":"C:\\Projetos\\big_chat_brasil\\backend\\src\\presentation\\controllers\\conversation.controller.ts","statementMap":{"0":{"start":{"line":1,"column":0},"end":{"line":1,"column":75}},"1":{"start":{"line":2,"column":0},"end":{"line":2,"column":56}},"2":{"start":{"line":3,"column":0},"end":{"line":3,"column":86}},"3":{"start":{"line":7,"column":7},"end":{"line":33,"column":null}},"4":{"start":{"line":8,"column":31},"end":{"line":8,"column":52}},"5":{"start":{"line":15,"column":4},"end":{"line":19,"column":6}},"6":{"start":{"line":25,"column":4},"end":{"line":25,"column":59}},"7":{"start":{"line":31,"column":4},"end":{"line":31,"column":49}},"8":{"start":{"line":7,"column":13},"end":{"line":7,"column":35}},"9":{"start":{"line":12,"column":8},"end":{"line":20,"column":null}},"10":{"start":{"line":24,"column":8},"end":{"line":26,"column":null}},"11":{"start":{"line":30,"column":8},"end":{"line":32,"column":null}},"12":{"start":{"line":7,"column":13},"end":{"line":33,"column":null}}},"fnMap":{"0":{"name":"(anonymous_4)","decl":{"start":{"line":8,"column":2},"end":{"line":8,"column":31}},"loc":{"start":{"line":8,"column":71},"end":{"line":8,"column":75}}},"1":{"name":"(anonymous_5)","decl":{"start":{"line":12,"column":8},"end":{"line":12,"column":20}},"loc":{"start":{"line":13,"column":86},"end":{"line":20,"column":3}}},"2":{"name":"(anonymous_6)","decl":{"start":{"line":24,"column":8},"end":{"line":24,"column":20}},"loc":{"start":{"line":24,"column":56},"end":{"line":26,"column":3}}},"3":{"name":"(anonymous_7)","decl":{"start":{"line":30,"column":8},"end":{"line":30,"column":16}},"loc":{"start":{"line":30,"column":40},"end":{"line":32,"column":3}}}},"branchMap":{"0":{"loc":{"start":{"line":8,"column":52},"end":{"line":8,"column":74}},"type":"cond-expr","locations":[{"start":{"line":8,"column":71},"end":{"line":8,"column":74}},{"start":{"line":8,"column":71},"end":{"line":8,"column":74}}]},"1":{"loc":{"start":{"line":8,"column":52},"end":{"line":8,"column":71}},"type":"binary-expr","locations":[{"start":{"line":8,"column":52},"end":{"line":8,"column":74}},{"start":{"line":8,"column":52},"end":{"line":8,"column":71}}]}},"s":{"0":1,"1":1,"2":1,"3":1,"4":1,"5":0,"6":0,"7":0,"8":1,"9":1,"10":1,"11":1,"12":1},"f":{"0":1,"1":0,"2":0,"3":0},"b":{"0":[1,0],"1":[1,1]}}
,"C:\\Projetos\\big_chat_brasil\\backend\\src\\presentation\\controllers\\message.controller.ts": {"path":"C:\\Projetos\\big_chat_brasil\\backend\\src\\presentation\\controllers\\message.controller.ts","statementMap":{"0":{"start":{"line":1,"column":0},"end":{"line":1,"column":75}},"1":{"start":{"line":2,"column":0},"end":{"line":2,"column":56}},"2":{"start":{"line":3,"column":0},"end":{"line":3,"column":76}},"3":{"start":{"line":4,"column":0},"end":{"line":4,"column":58}},"4":{"start":{"line":5,"column":0},"end":{"line":5,"column":60}},"5":{"start":{"line":9,"column":7},"end":{"line":29,"column":null}},"6":{"start":{"line":10,"column":31},"end":{"line":10,"column":47}},"7":{"start":{"line":15,"column":4},"end":{"line":15,"column":48}},"8":{"start":{"line":21,"column":4},"end":{"line":21,"column":49}},"9":{"start":{"line":27,"column":4},"end":{"line":27,"column":46}},"10":{"start":{"line":9,"column":13},"end":{"line":9,"column":30}},"11":{"start":{"line":14,"column":8},"end":{"line":16,"column":null}},"12":{"start":{"line":20,"column":8},"end":{"line":22,"column":null}},"13":{"start":{"line":26,"column":8},"end":{"line":28,"column":null}},"14":{"start":{"line":9,"column":13},"end":{"line":29,"column":null}}},"fnMap":{"0":{"name":"(anonymous_4)","decl":{"start":{"line":10,"column":2},"end":{"line":10,"column":31}},"loc":{"start":{"line":10,"column":61},"end":{"line":10,"column":65}}},"1":{"name":"(anonymous_5)","decl":{"start":{"line":14,"column":8},"end":{"line":14,"column":12}},"loc":{"start":{"line":14,"column":40},"end":{"line":16,"column":3}}},"2":{"name":"(anonymous_6)","decl":{"start":{"line":20,"column":8},"end":{"line":20,"column":17}},"loc":{"start":{"line":20,"column":50},"end":{"line":22,"column":3}}},"3":{"name":"(anonymous_7)","decl":{"start":{"line":26,"column":8},"end":{"line":26,"column":18}},"loc":{"start":{"line":26,"column":42},"end":{"line":28,"column":3}}}},"branchMap":{"0":{"loc":{"start":{"line":14,"column":26},"end":{"line":14,"column":null}},"type":"cond-expr","locations":[{"start":{"line":14,"column":40},"end":{"line":14,"column":null}},{"start":{"line":14,"column":40},"end":{"line":14,"column":null}}]},"1":{"loc":{"start":{"line":14,"column":26},"end":{"line":14,"column":40}},"type":"binary-expr","locations":[{"start":{"line":14,"column":26},"end":{"line":14,"column":null}},{"start":{"line":14,"column":26},"end":{"line":14,"column":40}}]},"2":{"loc":{"start":{"line":20,"column":35},"end":{"line":20,"column":null}},"type":"cond-expr","locations":[{"start":{"line":20,"column":50},"end":{"line":20,"column":null}},{"start":{"line":20,"column":50},"end":{"line":20,"column":null}}]},"3":{"loc":{"start":{"line":20,"column":35},"end":{"line":20,"column":50}},"type":"binary-expr","locations":[{"start":{"line":20,"column":35},"end":{"line":20,"column":null}},{"start":{"line":20,"column":35},"end":{"line":20,"column":50}}]},"4":{"loc":{"start":{"line":10,"column":47},"end":{"line":10,"column":64}},"type":"cond-expr","locations":[{"start":{"line":10,"column":61},"end":{"line":10,"column":64}},{"start":{"line":10,"column":61},"end":{"line":10,"column":64}}]},"5":{"loc":{"start":{"line":10,"column":47},"end":{"line":10,"column":61}},"type":"binary-expr","locations":[{"start":{"line":10,"column":47},"end":{"line":10,"column":64}},{"start":{"line":10,"column":47},"end":{"line":10,"column":61}}]}},"s":{"0":1,"1":1,"2":1,"3":1,"4":1,"5":1,"6":1,"7":1,"8":0,"9":0,"10":1,"11":1,"12":1,"13":1,"14":1},"f":{"0":1,"1":1,"2":0,"3":0},"b":{"0":[1,0],"1":[1,1],"2":[1,0],"3":[1,1],"4":[1,0],"5":[1,1]}}
,"C:\\Projetos\\big_chat_brasil\\backend\\src\\presentation\\controllers\\queue.controller.ts": {"path":"C:\\Projetos\\big_chat_brasil\\backend\\src\\presentation\\controllers\\queue.controller.ts","statementMap":{"0":{"start":{"line":1,"column":0},"end":{"line":1,"column":49}},"1":{"start":{"line":2,"column":0},"end":{"line":2,"column":56}},"2":{"start":{"line":3,"column":0},"end":{"line":3,"column":51}},"3":{"start":{"line":4,"column":0},"end":{"line":4,"column":37}},"4":{"start":{"line":5,"column":0},"end":{"line":5,"column":69}},"5":{"start":{"line":9,"column":7},"end":{"line":36,"column":null}},"6":{"start":{"line":12,"column":21},"end":{"line":12,"column":34}},"7":{"start":{"line":18,"column":18},"end":{"line":25,"column":19}},"8":{"start":{"line":27,"column":4},"end":{"line":34,"column":6}},"9":{"start":{"line":29,"column":34},"end":{"line":33,"column":8}},"10":{"start":{"line":9,"column":13},"end":{"line":9,"column":28}},"11":{"start":{"line":17,"column":8},"end":{"line":35,"column":null}},"12":{"start":{"line":9,"column":13},"end":{"line":36,"column":null}}},"fnMap":{"0":{"name":"(anonymous_4)","decl":{"start":{"line":10,"column":2},"end":{"line":10,"column":null}},"loc":{"start":{"line":12,"column":59},"end":{"line":13,"column":6}}},"1":{"name":"(anonymous_5)","decl":{"start":{"line":17,"column":8},"end":{"line":17,"column":17}},"loc":{"start":{"line":17,"column":17},"end":{"line":35,"column":3}}},"2":{"name":"(anonymous_6)","decl":{"start":{"line":29,"column":28},"end":{"line":29,"column":29}},"loc":{"start":{"line":29,"column":34},"end":{"line":33,"column":8}}}},"branchMap":{"0":{"loc":{"start":{"line":12,"column":34},"end":{"line":12,"column":59}},"type":"cond-expr","locations":[{"start":{"line":12,"column":44},"end":{"line":12,"column":59}},{"start":{"line":12,"column":44},"end":{"line":12,"column":59}}]},"1":{"loc":{"start":{"line":12,"column":34},"end":{"line":12,"column":44}},"type":"binary-expr","locations":[{"start":{"line":12,"column":34},"end":{"line":12,"column":59}},{"start":{"line":12,"column":34},"end":{"line":12,"column":44}}]}},"s":{"0":1,"1":1,"2":1,"3":1,"4":1,"5":1,"6":2,"7":1,"8":1,"9":2,"10":1,"11":1,"12":1},"f":{"0":2,"1":1,"2":2},"b":{"0":[1,0],"1":[1,1]}}
,"C:\\Projetos\\big_chat_brasil\\backend\\src\\presentation\\dtos\\admin.dto.ts": {"path":"C:\\Projetos\\big_chat_brasil\\backend\\src\\presentation\\dtos\\admin.dto.ts","statementMap":{"0":{"start":{"line":1,"column":0},"end":{"line":1,"column":null}},"1":{"start":{"line":9,"column":0},"end":{"line":9,"column":67}},"2":{"start":{"line":11,"column":0},"end":{"line":11,"column":13}},"3":{"start":{"line":16,"column":2},"end":{"line":16,"column":null}},"4":{"start":{"line":21,"column":2},"end":{"line":21,"column":null}},"5":{"start":{"line":24,"column":0},"end":{"line":24,"column":13}},"6":{"start":{"line":29,"column":2},"end":{"line":29,"column":null}},"7":{"start":{"line":32,"column":0},"end":{"line":32,"column":13}},"8":{"start":{"line":36,"column":2},"end":{"line":36,"column":null}},"9":{"start":{"line":42,"column":2},"end":{"line":42,"column":null}}},"fnMap":{},"branchMap":{},"s":{"0":1,"1":1,"2":1,"3":1,"4":1,"5":1,"6":1,"7":1,"8":1,"9":1},"f":{},"b":{}}
,"C:\\Projetos\\big_chat_brasil\\backend\\src\\presentation\\dtos\\auth.dto.ts": {"path":"C:\\Projetos\\big_chat_brasil\\backend\\src\\presentation\\dtos\\auth.dto.ts","statementMap":{"0":{"start":{"line":1,"column":0},"end":{"line":1,"column":46}},"1":{"start":{"line":2,"column":0},"end":{"line":2,"column":75}},"2":{"start":{"line":4,"column":0},"end":{"line":4,"column":13}},"3":{"start":{"line":8,"column":2},"end":{"line":8,"column":null}},"4":{"start":{"line":14,"column":2},"end":{"line":14,"column":null}}},"fnMap":{},"branchMap":{},"s":{"0":1,"1":1,"2":1,"3":1,"4":1},"f":{},"b":{}}
,"C:\\Projetos\\big_chat_brasil\\backend\\src\\presentation\\dtos\\create-client.dto.ts": {"path":"C:\\Projetos\\big_chat_brasil\\backend\\src\\presentation\\dtos\\create-client.dto.ts","statementMap":{"0":{"start":{"line":1,"column":0},"end":{"line":1,"column":46}},"1":{"start":{"line":2,"column":0},"end":{"line":2,"column":98}},"2":{"start":{"line":4,"column":0},"end":{"line":4,"column":13}},"3":{"start":{"line":8,"column":2},"end":{"line":8,"column":null}},"4":{"start":{"line":14,"column":2},"end":{"line":14,"column":null}},"5":{"start":{"line":19,"column":2},"end":{"line":19,"column":null}},"6":{"start":{"line":24,"column":2},"end":{"line":24,"column":null}},"7":{"start":{"line":30,"column":2},"end":{"line":30,"column":null}},"8":{"start":{"line":36,"column":2},"end":{"line":36,"column":null}}},"fnMap":{},"branchMap":{},"s":{"0":1,"1":1,"2":1,"3":1,"4":1,"5":1,"6":1,"7":1,"8":1},"f":{},"b":{}}
,"C:\\Projetos\\big_chat_brasil\\backend\\src\\presentation\\dtos\\report-filter.dto.ts": {"path":"C:\\Projetos\\big_chat_brasil\\backend\\src\\presentation\\dtos\\report-filter.dto.ts","statementMap":{"0":{"start":{"line":1,"column":0},"end":{"line":1,"column":54}},"1":{"start":{"line":2,"column":0},"end":{"line":2,"column":85}},"2":{"start":{"line":27,"column":18},"end":{"line":27,"column":19}},"3":{"start":{"line":31,"column":19},"end":{"line":31,"column":21}},"4":{"start":{"line":4,"column":0},"end":{"line":4,"column":13}},"5":{"start":{"line":8,"column":2},"end":{"line":8,"column":null}},"6":{"start":{"line":13,"column":2},"end":{"line":13,"column":null}},"7":{"start":{"line":18,"column":2},"end":{"line":18,"column":null}},"8":{"start":{"line":23,"column":2},"end":{"line":23,"column":null}},"9":{"start":{"line":27,"column":2},"end":{"line":27,"column":null}},"10":{"start":{"line":31,"column":2},"end":{"line":31,"column":null}}},"fnMap":{},"branchMap":{},"s":{"0":1,"1":1,"2":0,"3":0,"4":1,"5":1,"6":1,"7":1,"8":1,"9":1,"10":1},"f":{},"b":{}}
,"C:\\Projetos\\big_chat_brasil\\backend\\src\\presentation\\dtos\\send-message.dto.ts": {"path":"C:\\Projetos\\big_chat_brasil\\backend\\src\\presentation\\dtos\\send-message.dto.ts","statementMap":{"0":{"start":{"line":1,"column":0},"end":{"line":1,"column":67}},"1":{"start":{"line":2,"column":0},"end":{"line":2,"column":83}},"2":{"start":{"line":4,"column":0},"end":{"line":4,"column":13}},"3":{"start":{"line":8,"column":2},"end":{"line":8,"column":null}},"4":{"start":{"line":13,"column":2},"end":{"line":13,"column":null}},"5":{"start":{"line":18,"column":2},"end":{"line":18,"column":null}},"6":{"start":{"line":23,"column":2},"end":{"line":23,"column":null}},"7":{"start":{"line":28,"column":2},"end":{"line":28,"column":null}},"8":{"start":{"line":33,"column":2},"end":{"line":33,"column":null}}},"fnMap":{},"branchMap":{},"s":{"0":1,"1":1,"2":1,"3":1,"4":1,"5":1,"6":1,"7":1,"8":1},"f":{},"b":{}}
,"C:\\Projetos\\big_chat_brasil\\backend\\src\\presentation\\dtos\\update-client.dto.ts": {"path":"C:\\Projetos\\big_chat_brasil\\backend\\src\\presentation\\dtos\\update-client.dto.ts","statementMap":{"0":{"start":{"line":1,"column":0},"end":{"line":1,"column":59}},"1":{"start":{"line":2,"column":0},"end":{"line":2,"column":54}},"2":{"start":{"line":3,"column":0},"end":{"line":3,"column":56}},"3":{"start":{"line":5,"column":0},"end":{"line":5,"column":13}},"4":{"start":{"line":9,"column":2},"end":{"line":9,"column":null}}},"fnMap":{},"branchMap":{},"s":{"0":1,"1":1,"2":1,"3":1,"4":1},"f":{},"b":{}}
}
