TN:
SF:src\admin.module.ts
FNF:0
FNH:0
DA:1,0
DA:2,0
DA:3,0
DA:4,0
DA:5,0
DA:6,0
DA:14,0
LF:7
LH:0
BRF:0
BRH:0
end_of_record
TN:
SF:src\app.controller.ts
FN:6,(anonymous_2)
FN:9,(anonymous_3)
FNF:2
FNH:2
FNDA:1,(anonymous_2)
FNDA:1,(anonymous_3)
DA:1,1
DA:2,1
DA:5,1
DA:6,1
DA:9,1
DA:10,1
LF:6
LH:6
BRDA:6,0,0,1
BRDA:6,0,1,0
BRDA:6,1,0,1
BRDA:6,1,1,1
BRF:4
BRH:3
end_of_record
TN:
SF:src\app.module.ts
FN:43,(anonymous_2)
FN:45,(anonymous_3)
FNF:2
FNH:0
FNDA:0,(anonymous_2)
FNDA:0,(anonymous_3)
DA:1,0
DA:2,0
DA:3,0
DA:4,0
DA:5,0
DA:6,0
DA:7,0
DA:8,0
DA:9,0
DA:10,0
DA:11,0
DA:12,0
DA:13,0
DA:14,0
DA:42,0
DA:43,0
DA:46,0
DA:47,0
LF:18
LH:0
BRDA:46,0,0,0
BRDA:46,0,1,0
BRDA:20,1,0,0
BRDA:20,1,1,0
BRDA:21,2,0,0
BRDA:21,2,1,0
BRDA:22,3,0,0
BRDA:22,3,1,0
BRDA:23,4,0,0
BRDA:23,4,1,0
BRDA:24,5,0,0
BRDA:24,5,1,0
BRDA:43,6,0,0
BRDA:43,6,1,0
BRDA:43,7,0,0
BRDA:43,7,1,0
BRF:16
BRH:0
end_of_record
TN:
SF:src\app.service.ts
FN:5,(anonymous_1)
FNF:1
FNH:1
FNDA:1,(anonymous_1)
DA:1,1
DA:4,1
DA:6,1
LF:3
LH:3
BRF:0
BRH:0
end_of_record
TN:
SF:src\auth.module.ts
FNF:0
FNH:0
DA:1,0
DA:2,0
DA:3,0
DA:10,0
LF:4
LH:0
BRF:0
BRH:0
end_of_record
TN:
SF:src\client.module.ts
FNF:0
FNH:0
DA:1,0
DA:2,0
DA:3,0
DA:4,0
DA:5,0
DA:13,0
LF:6
LH:0
BRF:0
BRH:0
end_of_record
TN:
SF:src\main.ts
FN:6,bootstrap
FNF:1
FNH:0
FNDA:0,bootstrap
DA:1,0
DA:2,0
DA:3,0
DA:4,0
DA:7,0
DA:10,0
DA:17,0
DA:24,0
DA:25,0
DA:27,0
DA:29,0
LF:11
LH:0
BRDA:27,0,0,0
BRDA:27,0,1,0
BRF:2
BRH:0
end_of_record
TN:
SF:src\message.module.ts
FNF:0
FNH:0
DA:1,0
DA:2,0
DA:3,0
DA:4,0
DA:5,0
DA:6,0
DA:7,0
DA:8,0
DA:9,0
DA:10,0
DA:11,0
DA:28,0
LF:12
LH:0
BRF:0
BRH:0
end_of_record
TN:
SF:src\application\services\admin.service.ts
FN:10,(anonymous_4)
FN:18,(anonymous_5)
FN:56,(anonymous_6)
FN:71,(anonymous_7)
FN:91,(anonymous_8)
FNF:5
FNH:3
FNDA:3,(anonymous_4)
FNDA:2,(anonymous_5)
FNDA:1,(anonymous_6)
FNDA:0,(anonymous_7)
FNDA:0,(anonymous_8)
DA:1,2
DA:2,2
DA:3,2
DA:4,2
DA:5,2
DA:9,2
DA:12,3
DA:14,3
DA:15,3
DA:19,2
DA:20,2
DA:21,2
DA:22,1
DA:25,1
DA:26,1
DA:27,1
DA:29,1
DA:30,1
DA:31,1
DA:32,1
DA:34,1
DA:43,1
DA:44,1
DA:45,1
DA:47,1
DA:49,0
DA:50,0
DA:52,1
DA:57,1
DA:58,1
DA:59,1
DA:60,0
DA:63,1
DA:64,1
DA:66,1
DA:68,1
DA:72,0
DA:73,0
DA:75,0
DA:76,0
DA:79,0
DA:80,0
DA:81,0
DA:82,0
DA:84,0
DA:87,0
DA:88,0
DA:92,0
LF:48
LH:33
BRDA:20,0,0,0
BRDA:20,0,1,2
BRDA:21,1,0,1
BRDA:21,1,1,1
BRDA:40,2,0,1
BRDA:40,2,1,1
BRDA:58,3,0,0
BRDA:58,3,1,1
BRDA:59,4,0,0
BRDA:59,4,1,1
BRDA:73,5,0,0
BRDA:73,5,1,0
BRDA:75,6,0,0
BRDA:75,6,1,0
BRDA:80,7,0,0
BRDA:80,7,1,0
BRDA:81,8,0,0
BRDA:81,8,1,0
BRDA:12,9,0,2
BRDA:12,9,1,0
BRDA:12,10,0,2
BRDA:12,10,1,2
BRDA:12,11,0,2
BRDA:12,11,1,0
BRDA:12,12,0,2
BRDA:12,12,1,2
BRDA:14,13,0,2
BRDA:14,13,1,0
BRDA:14,14,0,2
BRDA:14,14,1,2
BRF:30
BRH:16
end_of_record
TN:
SF:src\application\services\auth.service.ts
FN:6,(anonymous_1)
FNF:1
FNH:1
FNDA:2,(anonymous_1)
DA:1,2
DA:5,2
DA:8,2
DA:9,1
DA:17,1
LF:5
LH:5
BRDA:8,0,0,1
BRDA:8,0,1,1
BRDA:8,1,0,2
BRDA:8,1,1,1
BRF:4
BRH:4
end_of_record
TN:
SF:src\application\services\client.service.ts
FN:10,(anonymous_4)
FN:15,(anonymous_5)
FN:19,(anonymous_6)
FN:27,(anonymous_7)
FN:32,(anonymous_8)
FN:38,(anonymous_9)
FNF:6
FNH:4
FNDA:4,(anonymous_4)
FNDA:1,(anonymous_5)
FNDA:3,(anonymous_6)
FNDA:0,(anonymous_7)
FNDA:0,(anonymous_8)
FNDA:1,(anonymous_9)
DA:1,2
DA:2,2
DA:3,2
DA:4,2
DA:9,2
DA:12,4
DA:16,1
DA:20,3
DA:21,3
DA:22,1
DA:24,2
DA:28,0
DA:29,0
DA:33,0
DA:34,0
DA:35,0
DA:39,1
DA:40,1
LF:18
LH:13
BRDA:21,0,0,1
BRDA:21,0,1,2
BRDA:46,1,0,1
BRDA:46,1,1,0
BRDA:12,2,0,2
BRDA:12,2,1,0
BRDA:12,3,0,2
BRDA:12,3,1,2
BRF:8
BRH:6
end_of_record
TN:
SF:src\application\services\conversation.service.ts
FN:9,(anonymous_4)
FN:16,(anonymous_5)
FN:40,(anonymous_6)
FN:47,(anonymous_7)
FNF:4
FNH:4
FNDA:6,(anonymous_4)
FNDA:3,(anonymous_5)
FNDA:1,(anonymous_6)
FNDA:2,(anonymous_7)
DA:1,4
DA:2,4
DA:3,4
DA:4,4
DA:5,4
DA:8,4
DA:11,6
DA:13,6
DA:17,3
DA:21,3
DA:22,1
DA:23,1
DA:25,0
DA:31,0
DA:32,2
DA:33,2
DA:34,2
DA:37,2
DA:41,1
DA:48,2
DA:52,2
DA:53,1
LF:22
LH:20
BRDA:21,0,0,1
BRDA:21,0,1,2
BRDA:23,1,0,1
BRDA:23,1,1,0
BRDA:32,2,0,2
BRDA:32,2,1,0
BRDA:32,3,0,2
BRDA:32,3,1,2
BRDA:52,4,0,1
BRDA:52,4,1,1
BRDA:11,5,0,4
BRDA:11,5,1,0
BRDA:11,6,0,4
BRDA:11,6,1,4
BRDA:11,7,0,4
BRDA:11,7,1,0
BRDA:11,8,0,4
BRDA:11,8,1,4
BRF:18
BRH:14
end_of_record
TN:
SF:src\application\services\message.service.ts
FN:20,(anonymous_4)
FN:33,(anonymous_5)
FN:104,(anonymous_6)
FN:133,(anonymous_7)
FNF:4
FNH:2
FNDA:3,(anonymous_4)
FNDA:3,(anonymous_5)
FNDA:0,(anonymous_6)
FNDA:0,(anonymous_7)
DA:1,2
DA:7,2
DA:8,2
DA:9,2
DA:10,2
DA:11,2
DA:12,2
DA:16,2
DA:19,2
DA:22,3
DA:24,3
DA:26,3
DA:27,3
DA:28,3
DA:30,3
DA:34,3
DA:35,3
DA:36,3
DA:38,3
DA:39,3
DA:44,3
DA:45,0
DA:48,3
DA:50,3
DA:51,2
DA:52,1
DA:54,1
DA:56,1
DA:57,1
DA:59,0
DA:62,0
DA:66,1
DA:68,1
DA:74,1
DA:81,1
DA:83,1
DA:88,1
DA:90,1
DA:91,1
DA:92,1
DA:94,1
DA:95,1
DA:97,2
DA:98,2
DA:100,3
DA:105,0
DA:106,0
DA:108,0
DA:109,0
DA:111,0
DA:112,0
DA:114,0
DA:115,0
DA:118,0
DA:125,0
DA:134,0
LF:56
LH:42
BRDA:44,0,0,0
BRDA:44,0,1,3
BRDA:48,1,0,1
BRDA:48,1,1,2
BRDA:50,2,0,2
BRDA:50,2,1,1
BRDA:51,3,0,1
BRDA:51,3,1,1
BRDA:56,4,0,1
BRDA:56,4,1,0
BRDA:105,5,0,0
BRDA:105,6,0,0
BRDA:108,7,0,0
BRDA:108,7,1,0
BRDA:108,8,0,0
BRDA:108,8,1,0
BRDA:111,9,0,0
BRDA:111,9,1,0
BRDA:114,10,0,0
BRDA:114,10,1,0
BRDA:22,11,0,2
BRDA:22,11,1,0
BRDA:22,12,0,2
BRDA:22,12,1,2
BRDA:22,13,0,2
BRDA:22,13,1,0
BRDA:22,14,0,2
BRDA:22,14,1,2
BRDA:24,15,0,2
BRDA:24,15,1,0
BRDA:24,16,0,2
BRDA:24,16,1,2
BRDA:26,17,0,2
BRDA:26,17,1,0
BRDA:26,18,0,2
BRDA:26,18,1,2
BRDA:27,19,0,2
BRDA:27,19,1,0
BRDA:27,20,0,2
BRDA:27,20,1,2
BRDA:28,21,0,2
BRDA:28,21,1,0
BRDA:28,22,0,2
BRDA:28,22,1,2
BRF:44
BRH:26
end_of_record
TN:
SF:src\domain\entities\client.entity.ts
FN:73,(anonymous_2)
FN:73,(anonymous_3)
FN:79,(anonymous_4)
FN:79,(anonymous_5)
FNF:4
FNH:0
FNDA:0,(anonymous_2)
FNDA:0,(anonymous_3)
FNDA:0,(anonymous_4)
FNDA:0,(anonymous_5)
DA:1,16
DA:8,16
DA:9,16
DA:15,16
DA:20,16
DA:26,16
DA:32,16
DA:38,16
DA:44,16
DA:50,16
DA:56,16
DA:62,16
DA:68,16
DA:73,0
DA:74,16
DA:79,0
DA:80,16
DA:83,16
LF:18
LH:16
BRDA:83,0,0,16
BRDA:83,0,1,0
BRDA:83,1,0,16
BRDA:83,1,1,16
BRF:4
BRH:3
end_of_record
TN:
SF:src\domain\entities\conversation.entity.ts
FN:33,(anonymous_2)
FN:33,(anonymous_3)
FN:72,(anonymous_4)
FN:72,(anonymous_5)
FNF:4
FNH:0
FNDA:0,(anonymous_2)
FNDA:0,(anonymous_3)
FNDA:0,(anonymous_4)
FNDA:0,(anonymous_5)
DA:1,16
DA:10,16
DA:11,16
DA:17,16
DA:22,16
DA:28,16
DA:33,0
DA:37,16
DA:43,16
DA:49,16
DA:55,16
DA:61,16
DA:67,16
DA:72,0
DA:73,16
DA:76,16
LF:16
LH:14
BRDA:37,0,0,9
BRDA:37,0,1,7
BRDA:37,1,0,16
BRDA:37,1,1,9
BRDA:61,2,0,16
BRDA:61,2,1,0
BRDA:61,3,0,16
BRDA:61,3,1,16
BRDA:76,4,0,16
BRDA:76,4,1,0
BRDA:76,5,0,16
BRDA:76,5,1,16
BRF:12
BRH:10
end_of_record
TN:
SF:src\domain\entities\financial-transaction.entity.ts
FN:31,(anonymous_2)
FN:31,(anonymous_3)
FNF:2
FNH:0
FNDA:0,(anonymous_2)
FNDA:0,(anonymous_3)
DA:1,16
DA:9,16
DA:15,16
DA:20,16
DA:26,16
DA:31,0
DA:35,16
DA:50,16
DA:61,16
DA:67,16
DA:73,16
DA:79,16
DA:85,16
LF:13
LH:12
BRDA:35,0,0,1
BRDA:35,0,1,15
BRDA:35,1,0,16
BRDA:35,1,1,1
BRDA:85,2,0,16
BRDA:85,2,1,0
BRDA:85,3,0,16
BRDA:85,3,1,16
BRF:8
BRH:7
end_of_record
TN:
SF:src\domain\entities\message-status-history.entity.ts
FN:31,(anonymous_2)
FN:31,(anonymous_3)
FNF:2
FNH:0
FNDA:0,(anonymous_2)
FNDA:0,(anonymous_3)
DA:1,16
DA:9,16
DA:15,16
DA:20,16
DA:26,16
DA:31,0
DA:35,16
DA:44,16
DA:50,16
DA:56,16
LF:10
LH:9
BRDA:35,0,0,1
BRDA:35,0,1,15
BRDA:35,1,0,16
BRDA:35,1,1,1
BRDA:50,2,0,16
BRDA:50,2,1,0
BRDA:50,3,0,16
BRDA:50,3,1,16
BRF:8
BRH:7
end_of_record
TN:
SF:src\domain\entities\message.entity.ts
FN:34,(anonymous_2)
FN:34,(anonymous_3)
FN:49,(anonymous_4)
FN:102,(anonymous_5)
FN:102,(anonymous_6)
FNF:5
FNH:0
FNDA:0,(anonymous_2)
FNDA:0,(anonymous_3)
FNDA:0,(anonymous_4)
FNDA:0,(anonymous_5)
FNDA:0,(anonymous_6)
DA:1,16
DA:10,16
DA:11,16
DA:12,16
DA:18,16
DA:23,16
DA:29,16
DA:34,0
DA:38,16
DA:44,16
DA:49,0
DA:51,16
DA:57,16
DA:63,16
DA:69,16
DA:75,16
DA:81,16
DA:91,16
DA:97,16
DA:102,0
DA:103,16
LF:21
LH:18
BRDA:38,0,0,6
BRDA:38,0,1,10
BRDA:38,1,0,16
BRDA:38,1,1,6
BRDA:51,2,0,9
BRDA:51,2,1,7
BRDA:51,3,0,16
BRDA:51,3,1,9
BRDA:75,4,0,16
BRDA:75,4,1,0
BRDA:75,5,0,16
BRDA:75,5,1,16
BRF:12
BRH:11
end_of_record
TN:
SF:src\infrastructure\database\seeders\initial.seeder.ts
FN:11,(anonymous_2)
FN:13,(anonymous_3)
FNF:2
FNH:2
FNDA:3,(anonymous_2)
FNDA:2,(anonymous_3)
DA:1,1
DA:2,1
DA:3,1
DA:4,1
DA:5,1
DA:6,1
DA:7,1
DA:10,1
DA:11,3
DA:14,2
DA:15,2
DA:16,2
DA:18,2
DA:20,2
DA:30,2
DA:33,1
DA:43,1
DA:46,1
DA:54,1
DA:57,1
DA:67,1
DA:70,1
DA:75,1
DA:79,1
DA:87,1
DA:90,1
DA:98,1
DA:100,1
DA:101,1
DA:103,1
DA:104,1
DA:105,1
DA:107,2
LF:33
LH:33
BRDA:11,0,0,1
BRDA:11,0,1,0
BRDA:11,1,0,1
BRDA:11,1,1,1
BRF:4
BRH:3
end_of_record
TN:
SF:src\infrastructure\queue\message.consumer.ts
FN:13,(anonymous_4)
FN:22,(anonymous_5)
FN:36,(anonymous_6)
FN:46,(anonymous_7)
FN:53,(anonymous_8)
FN:59,(anonymous_9)
FN:65,(anonymous_10)
FNF:7
FNH:7
FNDA:4,(anonymous_4)
FNDA:1,(anonymous_5)
FNDA:1,(anonymous_6)
FNDA:3,(anonymous_7)
FNDA:3,(anonymous_8)
FNDA:3,(anonymous_9)
FNDA:9,(anonymous_10)
DA:1,1
DA:2,1
DA:3,1
DA:4,1
DA:5,1
DA:6,1
DA:9,1
DA:10,4
DA:11,4
DA:15,4
DA:17,4
DA:18,4
DA:22,1
DA:23,1
DA:29,1
DA:30,1
DA:36,1
DA:37,1
DA:42,1
DA:43,1
DA:47,3
DA:50,3
DA:53,3
DA:56,3
DA:59,3
DA:62,3
DA:66,9
DA:67,9
DA:68,9
DA:70,9
DA:71,9
DA:73,9
DA:78,9
DA:80,9
DA:81,9
DA:83,0
DA:84,0
DA:86,9
LF:38
LH:36
BRDA:22,0,0,1
BRDA:22,0,1,0
BRDA:22,1,0,1
BRDA:22,1,1,1
BRDA:36,2,0,1
BRDA:36,2,1,0
BRDA:36,3,0,1
BRDA:36,3,1,1
BRDA:15,4,0,1
BRDA:15,4,1,0
BRDA:15,5,0,1
BRDA:15,5,1,1
BRDA:15,6,0,1
BRDA:15,6,1,0
BRDA:15,7,0,1
BRDA:15,7,1,1
BRDA:17,8,0,1
BRDA:17,8,1,0
BRDA:17,9,0,1
BRDA:17,9,1,1
BRF:20
BRH:15
end_of_record
TN:
SF:src\infrastructure\queue\queue.module.ts
FNF:0
FNH:0
DA:1,0
DA:2,0
DA:3,0
DA:4,0
DA:6,0
DA:7,0
DA:8,0
DA:9,0
DA:35,0
LF:9
LH:0
BRDA:19,0,0,0
BRDA:19,0,1,0
BRF:2
BRH:0
end_of_record
TN:
SF:src\infrastructure\queue\queue.service.ts
FN:6,(anonymous_4)
FN:10,(anonymous_5)
FNF:2
FNH:2
FNDA:2,(anonymous_4)
FNDA:2,(anonymous_5)
DA:1,3
DA:2,3
DA:5,3
DA:7,2
DA:12,2
DA:13,2
LF:6
LH:6
BRDA:12,0,0,1
BRDA:12,0,1,1
BRDA:7,1,0,3
BRDA:7,1,1,0
BRDA:7,2,0,3
BRDA:7,2,1,3
BRF:6
BRH:5
end_of_record
TN:
SF:src\presentation\controllers\admin.controller.ts
FN:9,(anonymous_4)
FN:13,(anonymous_5)
FN:19,(anonymous_6)
FN:25,(anonymous_7)
FN:31,(anonymous_8)
FNF:5
FNH:5
FNDA:4,(anonymous_4)
FNDA:1,(anonymous_5)
FNDA:1,(anonymous_6)
FNDA:1,(anonymous_7)
FNDA:1,(anonymous_8)
DA:1,1
DA:2,1
DA:3,1
DA:4,1
DA:8,1
DA:9,4
DA:13,1
DA:14,1
DA:19,1
DA:20,1
DA:25,1
DA:26,1
DA:31,1
DA:32,1
LF:14
LH:14
BRDA:13,0,0,1
BRDA:13,0,1,0
BRDA:13,1,0,1
BRDA:13,1,1,1
BRDA:19,2,0,1
BRDA:19,2,1,0
BRDA:19,3,0,1
BRDA:19,3,1,1
BRDA:25,4,0,1
BRDA:25,4,1,0
BRDA:25,5,0,1
BRDA:25,5,1,1
BRDA:9,6,0,1
BRDA:9,6,1,0
BRDA:9,7,0,1
BRDA:9,7,1,1
BRF:16
BRH:12
end_of_record
TN:
SF:src\presentation\controllers\auth.controller.ts
FN:9,(anonymous_4)
FN:16,(anonymous_5)
FNF:2
FNH:2
FNDA:1,(anonymous_4)
FNDA:1,(anonymous_5)
DA:1,1
DA:2,1
DA:3,1
DA:4,1
DA:8,1
DA:9,1
DA:16,1
DA:17,1
LF:8
LH:8
BRDA:16,0,0,1
BRDA:16,0,1,0
BRDA:16,1,0,1
BRDA:16,1,1,1
BRDA:9,2,0,1
BRDA:9,2,1,0
BRDA:9,3,0,1
BRDA:9,3,1,1
BRF:8
BRH:6
end_of_record
TN:
SF:src\presentation\controllers\client.controller.ts
FN:10,(anonymous_4)
FN:14,(anonymous_5)
FN:20,(anonymous_6)
FN:26,(anonymous_7)
FN:32,(anonymous_8)
FN:38,(anonymous_9)
FNF:6
FNH:1
FNDA:1,(anonymous_4)
FNDA:0,(anonymous_5)
FNDA:0,(anonymous_6)
FNDA:0,(anonymous_7)
FNDA:0,(anonymous_8)
FNDA:0,(anonymous_9)
DA:1,1
DA:2,1
DA:3,1
DA:4,1
DA:5,1
DA:9,1
DA:10,1
DA:14,1
DA:15,0
DA:20,1
DA:21,0
DA:26,1
DA:27,0
DA:32,1
DA:33,0
DA:38,1
DA:39,0
LF:17
LH:12
BRDA:20,0,0,1
BRDA:20,0,1,0
BRDA:20,1,0,1
BRDA:20,1,1,1
BRDA:32,2,0,1
BRDA:32,2,1,0
BRDA:32,3,0,1
BRDA:32,3,1,1
BRDA:10,4,0,1
BRDA:10,4,1,0
BRDA:10,5,0,1
BRDA:10,5,1,1
BRF:12
BRH:9
end_of_record
TN:
SF:src\presentation\controllers\conversation.controller.ts
FN:8,(anonymous_4)
FN:12,(anonymous_5)
FN:24,(anonymous_6)
FN:30,(anonymous_7)
FNF:4
FNH:1
FNDA:1,(anonymous_4)
FNDA:0,(anonymous_5)
FNDA:0,(anonymous_6)
FNDA:0,(anonymous_7)
DA:1,1
DA:2,1
DA:3,1
DA:7,1
DA:8,1
DA:12,1
DA:15,0
DA:24,1
DA:25,0
DA:30,1
DA:31,0
LF:11
LH:8
BRDA:8,0,0,1
BRDA:8,0,1,0
BRDA:8,1,0,1
BRDA:8,1,1,1
BRF:4
BRH:3
end_of_record
TN:
SF:src\presentation\controllers\message.controller.ts
FN:10,(anonymous_4)
FN:14,(anonymous_5)
FN:20,(anonymous_6)
FN:26,(anonymous_7)
FNF:4
FNH:2
FNDA:1,(anonymous_4)
FNDA:1,(anonymous_5)
FNDA:0,(anonymous_6)
FNDA:0,(anonymous_7)
DA:1,1
DA:2,1
DA:3,1
DA:4,1
DA:5,1
DA:9,1
DA:10,1
DA:14,1
DA:15,1
DA:20,1
DA:21,0
DA:26,1
DA:27,0
LF:13
LH:11
BRDA:14,0,0,1
BRDA:14,0,1,0
BRDA:14,1,0,1
BRDA:14,1,1,1
BRDA:20,2,0,1
BRDA:20,2,1,0
BRDA:20,3,0,1
BRDA:20,3,1,1
BRDA:10,4,0,1
BRDA:10,4,1,0
BRDA:10,5,0,1
BRDA:10,5,1,1
BRF:12
BRH:9
end_of_record
TN:
SF:src\presentation\controllers\queue.controller.ts
FN:10,(anonymous_4)
FN:17,(anonymous_5)
FN:29,(anonymous_6)
FNF:3
FNH:3
FNDA:2,(anonymous_4)
FNDA:1,(anonymous_5)
FNDA:2,(anonymous_6)
DA:1,1
DA:2,1
DA:3,1
DA:4,1
DA:5,1
DA:9,1
DA:12,2
DA:17,1
DA:18,1
DA:27,1
DA:29,2
LF:11
LH:11
BRDA:12,0,0,1
BRDA:12,0,1,0
BRDA:12,1,0,1
BRDA:12,1,1,1
BRF:4
BRH:3
end_of_record
TN:
SF:src\presentation\dtos\admin.dto.ts
FNF:0
FNH:0
DA:1,1
DA:9,1
DA:11,1
DA:16,1
DA:21,1
DA:24,1
DA:29,1
DA:32,1
DA:36,1
DA:42,1
LF:10
LH:10
BRF:0
BRH:0
end_of_record
TN:
SF:src\presentation\dtos\auth.dto.ts
FNF:0
FNH:0
DA:1,1
DA:2,1
DA:4,1
DA:8,1
DA:14,1
LF:5
LH:5
BRF:0
BRH:0
end_of_record
TN:
SF:src\presentation\dtos\create-client.dto.ts
FNF:0
FNH:0
DA:1,1
DA:2,1
DA:4,1
DA:8,1
DA:14,1
DA:19,1
DA:24,1
DA:30,1
DA:36,1
LF:9
LH:9
BRF:0
BRH:0
end_of_record
TN:
SF:src\presentation\dtos\report-filter.dto.ts
FNF:0
FNH:0
DA:1,1
DA:2,1
DA:4,1
DA:8,1
DA:13,1
DA:18,1
DA:23,1
DA:27,1
DA:31,1
LF:9
LH:9
BRF:0
BRH:0
end_of_record
TN:
SF:src\presentation\dtos\send-message.dto.ts
FNF:0
FNH:0
DA:1,1
DA:2,1
DA:4,1
DA:8,1
DA:13,1
DA:18,1
DA:23,1
DA:28,1
DA:33,1
LF:9
LH:9
BRF:0
BRH:0
end_of_record
TN:
SF:src\presentation\dtos\update-client.dto.ts
FNF:0
FNH:0
DA:1,1
DA:2,1
DA:3,1
DA:5,1
DA:9,1
LF:5
LH:5
BRF:0
BRH:0
end_of_record
